\BOOKMARK [0][-]{chapter.0}{\376\377\122\115\212\000}{}% 1
\BOOKMARK [0][-]{chapter.1}{\376\377\141\017\214\141\166\204\203\003\165\164\213\272\140\047\215\050}{}% 2
\BOOKMARK [1][-]{section.1.1}{\376\377\203\003\165\164\213\272\127\372\147\054\151\202\137\365}{chapter.1}% 3
\BOOKMARK [1][-]{section.1.2}{\376\377\141\017\214\141}{chapter.1}% 4
\BOOKMARK [1][-]{section.1.3}{\376\377\146\364\131\032\203\003\165\164\213\272\176\323\147\204}{chapter.1}% 5
\BOOKMARK [0][-]{chapter.2}{\376\377\117\115\214\141\000:\000\040\145\340\160\271\142\323\142\121\133\146}{}% 6
\BOOKMARK [1][-]{section.2.1}{\376\377\127\372\147\054\151\202\137\365}{chapter.2}% 7
\BOOKMARK [1][-]{section.2.2}{\376\377\117\115\214\141\166\204\121\340\117\125\140\047\215\050}{chapter.2}% 8
\BOOKMARK [1][-]{section.2.3}{\376\377\117\115\214\141\116\016\220\073\217\221}{chapter.2}% 9
\BOOKMARK [0][-]{chapter.3}{\376\377\141\017\214\141\116\016\172\172\225\364\166\204\151\202\137\365}{}% 10
\BOOKMARK [1][-]{section.3.1}{\376\377\142\323\142\121\172\172\225\364\116\012\166\204\134\102\116\016\136\163\134\125\172\172\225\364}{chapter.3}% 11
\BOOKMARK [1][-]{section.3.2}{\376\377\117\115\214\141\116\012\166\204\134\102\116\016\136\163\134\125\172\172\225\364}{chapter.3}% 12
\BOOKMARK [1][-]{section.3.3}{\376\377\203\003\165\164\116\012\166\204\230\204\134\102}{chapter.3}% 13
\BOOKMARK [1][-]{section.3.4}{\376\377\146\157}{chapter.3}% 14
\BOOKMARK [1][-]{section.3.5}{\376\377\134\102\123\026\166\204\000\040\000G\000r\000o\000t\000h\000e\000n\000d\000i\000e\000c\000k\000\040\000+\147\204\220\040}{chapter.3}% 15
\BOOKMARK [1][-]{section.3.6}{\376\377\000G\000r\000o\000t\000h\000e\000n\000d\000i\000e\000c\000k\000\040\141\017\214\141}{chapter.3}% 16
\BOOKMARK [1][-]{section.3.7}{\376\377\000L\000a\000w\000v\000e\000r\000e\040\023\000T\000i\000e\000r\000n\000e\000y\000\040\142\323\142\121\000,\000\040\121\205\205\164\134\102\123\026\116\016\134\100\220\350\123\026}{chapter.3}% 17
\BOOKMARK [1][-]{section.3.8}{\376\377\141\017\214\141\116\113\225\364\166\204\140\001\134\004}{chapter.3}% 18
\BOOKMARK [1][-]{section.3.9}{\376\377\141\017\214\141\166\204\121\340\117\125\140\047\215\050}{chapter.3}% 19
\BOOKMARK [1][-]{section.3.10}{\376\377\000G\000i\000r\000a\000u\000d\000\040\133\232\164\006}{chapter.3}% 20
\BOOKMARK [0][-]{chapter.4}{\376\377\141\017\214\141\166\204\121\205\213\355\212\000}{}% 21
\BOOKMARK [1][-]{section.4.1}{\376\377\000M\000i\000t\000c\000h\000e\000l\000l\040\023\000B\000\351\000n\000a\000b\000o\000u\000\040\213\355\212\000}{chapter.4}% 22
\BOOKMARK [1][-]{section.4.2}{\376\377\000K\000r\000i\000p\000k\000e\040\023\000J\000o\000y\000a\000l\000\040\213\355\116\111}{chapter.4}% 23
\BOOKMARK [1][-]{section.4.3}{\376\377\152\041\140\001\116\016\134\102\123\026}{chapter.4}% 24
\BOOKMARK [1][-]{section.4.4}{\376\377\121\205\117\115\214\141}{chapter.4}% 25
\BOOKMARK [1][-]{section.4.5}{\376\377\227\136\150\007\121\306\122\006\147\220\000,\000\040\156\344\125\106\116\016\215\205\156\344\203\003\165\164}{chapter.4}% 26
\BOOKMARK [1][-]{section.4.6}{\376\377\123\357\213\241\173\227\140\047\164\006\213\272\116\016\147\011\145\110\141\017\214\141}{chapter.4}% 27
\BOOKMARK [1][-]{section.4.7}{\376\377\176\374\124\010\137\256\122\006\121\340\117\125\116\016\121\111\156\321\145\340\172\167\134\017\122\006\147\220}{chapter.4}% 28
\BOOKMARK [1][-]{section.4.8}{\376\377\221\317\133\120\164\006\213\272\116\016\000\040\000B\000o\000h\000r\000\040\141\017\214\141}{chapter.4}% 29
\BOOKMARK [1][-]{section.4.9}{\376\377\000C\000o\000h\000e\000n\000\040\122\233\217\353\154\325}{chapter.4}% 30
\BOOKMARK [1][-]{section.4.10}{\376\377\121\335\200\132\140\001\145\160\133\146}{chapter.4}% 31
\BOOKMARK [0][-]{chapter.5}{\376\377\123\345\154\325\146\157\116\016\122\006\174\173\141\017\214\141}{}% 32
\BOOKMARK [1][-]{section.5.1}{\376\377\123\345\154\325\203\003\165\164\000:\000\040\213\355\154\325\040\023\213\355\116\111\133\371\120\166}{chapter.5}% 33
\BOOKMARK [1][-]{section.5.2}{\376\377\122\006\174\173\141\017\214\141}{chapter.5}% 34
\BOOKMARK [0][-]{chapter.6}{\376\377\166\370\133\371\141\017\214\141}{}% 35
\BOOKMARK [1][-]{section.6.1}{}{chapter.6}% 36
\BOOKMARK [0][-]{chapter.7}{\376\377\232\330\226\066\141\017\214\141}{}% 37
\BOOKMARK [1][-]{section.7.1}{\376\377\000-\203\003\165\164\000:\000\040\123\125\176\257\226\306\152\041\127\213}{chapter.7}% 38
\BOOKMARK [1][-]{section.7.2}{\376\377\000-\141\017\214\141}{chapter.7}% 39
\BOOKMARK [1][-]{section.7.3}{\376\377\000-\134\102\000\040\000-\141\017\214\141\123\312\121\166\210\150\163\260}{chapter.7}% 40
\BOOKMARK [1][-]{section.7.4}{\376\377\116\012\124\014\214\003}{chapter.7}% 41
\BOOKMARK [1][-]{section.7.5}{\376\377\000n\000-\203\003\165\164}{chapter.7}% 42
\BOOKMARK [0][-]{chapter.8}{\376\377\121\335\200\132\141\017\214\141}{}% 43
\BOOKMARK [1][-]{section.8.1}{\376\377\121\335\200\132\166\204\122\250\147\072\000,\000\040\127\372\147\054\151\202\137\365}{chapter.8}% 44
\BOOKMARK [0][-]{appendix.A}{\376\377\203\003\165\164\213\272\127\372\170\100}{}% 45
\BOOKMARK [1][-]{section.A.1}{\376\377\0002\000-\203\003\165\164}{appendix.A}% 46
\BOOKMARK [1][-]{section.A.2}{\376\377\117\064\226\217}{appendix.A}% 47
\BOOKMARK [1][-]{section.A.3}{\376\377\201\352\123\315\133\120\203\003\165\164\116\016\134\100\220\350\123\026}{appendix.A}% 48
\BOOKMARK [1][-]{section.A.4}{\376\377\230\204\134\102\203\003\165\164\116\016\174\163\165\060\135\114\121\145}{appendix.A}% 49
\BOOKMARK [1][-]{section.A.5}{\376\377\123\357\210\150\163\260\203\003\165\164}{appendix.A}% 50
\BOOKMARK [1][-]{section.A.6}{\376\377\000K\000a\000n\000\040\142\151\137\040}{appendix.A}% 51
\BOOKMARK [1][-]{section.A.7}{\376\377\123\125\133\120\213\272}{appendix.A}% 52
\BOOKMARK [1][-]{section.A.8}{\376\377\116\007\147\011\116\343\145\160}{appendix.A}% 53
\BOOKMARK [1][-]{section.A.9}{\376\377\176\244\176\364\203\003\165\164\116\016\175\042\137\025\203\003\165\164}{appendix.A}% 54
\BOOKMARK [1][-]{section.A.10}{\376\377\116\013\226\115}{appendix.A}% 55
\BOOKMARK [1][-]{section.A.11}{\376\377\121\205\203\003\165\164}{appendix.A}% 56
\BOOKMARK [0][-]{appendix.B}{\376\377\137\142\137\017\220\073\217\221\127\372\170\100}{}% 57
\BOOKMARK [1][-]{section.B.1}{\376\377\116\000\226\066\220\073\217\221}{appendix.B}% 58
\BOOKMARK [1][-]{section.B.2}{\376\377\116\000\226\066\220\073\217\221\166\204\203\003\165\164\213\355\116\111}{appendix.B}% 59
\BOOKMARK [1][-]{section.B.3}{\376\377\232\330\226\066\220\073\217\221}{appendix.B}% 60
\BOOKMARK [1][-]{section.B.4}{\376\377\174\173\127\213\213\272}{appendix.B}% 61
\BOOKMARK [1][-]{section.B.5}{\376\377\152\041\140\001\220\073\217\221}{appendix.B}% 62
