This is XeTeX, Version 3.141592653-2.6-0.999995 (TeX Live 2023) (preloaded format=xelatex 2023.4.3)  31 OCT 2023 11:22
entering extended mode
 restricted \write18 enabled.
 %&-line parsing enabled.
**NSA.tex
(./NSA.tex
LaTeX2e <2022-11-01> patch level 1
L3 programming layer <2023-03-30>
! Undefined control sequence.
l.1 \section
            {非标准分析, 滤商与超滤范畴}
The control sequence at the end of the top line
of your error message was never \def'ed. If you have
misspelled it (e.g., `\hobx'), type `I' and the correct
spelling (e.g., `I\hbox'). Otherwise just continue,
and I'll forget about whatever was undefined.


! LaTeX Error: Missing \begin{document}.

See the LaTeX manual or LaTeX Companion for explanation.
Type  H <return>  for immediate help.
 ...                                              
                                                  
l.1 \section{非
              标准分析, 滤商与超滤范畴}
You're in trouble here.  Try typing  <return>  to proceed.
If that doesn't work, type  X <return>  to quit.

Missing character: There is no 非 ("975E) in font nullfont!
Missing character: There is no 标 ("6807) in font nullfont!
Missing character: There is no 准 ("51C6) in font nullfont!
Missing character: There is no 分 ("5206) in font nullfont!
Missing character: There is no 析 ("6790) in font nullfont!
Missing character: There is no , ("2C) in font nullfont!
Missing character: There is no 滤 ("6EE4) in font nullfont!
Missing character: There is no 商 ("5546) in font nullfont!
Missing character: There is no 与 ("4E0E) in font nullfont!
Missing character: There is no 超 ("8D85) in font nullfont!
Missing character: There is no 滤 ("6EE4) in font nullfont!
Missing character: There is no 范 ("8303) in font nullfont!
Missing character: There is no 畴 ("7574) in font nullfont!

Overfull \hbox (20.0pt too wide) in paragraph at lines 1--2
[]
 []


! LaTeX Error: Missing \begin{document}.

See the LaTeX manual or LaTeX Companion for explanation.
Type  H <return>  for immediate help.
 ...                                              
                                                  
l.3 \emph{非标准分析}
                起源于对无穷小与极限等概念的重新审视. 不同于 Cauchy--Weierstrass 的 $\varepsilon$-...

You're in trouble here.  Try typing  <return>  to proceed.
If that doesn't work, type  X <return>  to quit.

Missing character: There is no 非 (U+975E) in font [lmroman10-italic]:mapping=te
x-text;!
Missing character: There is no 标 (U+6807) in font [lmroman10-italic]:mapping=te
x-text;!
Missing character: There is no 准 (U+51C6) in font [lmroman10-italic]:mapping=te
x-text;!
Missing character: There is no 分 (U+5206) in font [lmroman10-italic]:mapping=te
x-text;!
Missing character: There is no 析 (U+6790) in font [lmroman10-italic]:mapping=te
x-text;!
Missing character: There is no 起 ("8D77) in font nullfont!
Missing character: There is no 源 ("6E90) in font nullfont!
Missing character: There is no 于 ("4E8E) in font nullfont!
Missing character: There is no 对 ("5BF9) in font nullfont!
Missing character: There is no 无 ("65E0) in font nullfont!
Missing character: There is no 穷 ("7A77) in font nullfont!
Missing character: There is no 小 ("5C0F) in font nullfont!
Missing character: There is no 与 ("4E0E) in font nullfont!
Missing character: There is no 极 ("6781) in font nullfont!
Missing character: There is no 限 ("9650) in font nullfont!
Missing character: There is no 等 ("7B49) in font nullfont!
Missing character: There is no 概 ("6982) in font nullfont!
Missing character: There is no 念 ("5FF5) in font nullfont!
Missing character: There is no 的 ("7684) in font nullfont!
Missing character: There is no 重 ("91CD) in font nullfont!
Missing character: There is no 新 ("65B0) in font nullfont!
Missing character: There is no 审 ("5BA1) in font nullfont!
Missing character: There is no 视 ("89C6) in font nullfont!
Missing character: There is no . ("2E) in font nullfont!
Missing character: There is no 不 ("4E0D) in font nullfont!
Missing character: There is no 同 ("540C) in font nullfont!
Missing character: There is no 于 ("4E8E) in font nullfont!
Missing character: There is no C ("43) in font nullfont!
Missing character: There is no a ("61) in font nullfont!
Missing character: There is no u ("75) in font nullfont!
Missing character: There is no c ("63) in font nullfont!
Missing character: There is no h ("68) in font nullfont!
Missing character: There is no y ("79) in font nullfont!
Missing character: There is no - ("2D) in font nullfont!
Missing character: There is no - ("2D) in font nullfont!
Missing character: There is no W ("57) in font nullfont!
Missing character: There is no e ("65) in font nullfont!
Missing character: There is no i ("69) in font nullfont!
Missing character: There is no e ("65) in font nullfont!
Missing character: There is no r ("72) in font nullfont!
Missing character: There is no s ("73) in font nullfont!
Missing character: There is no t ("74) in font nullfont!
Missing character: There is no r ("72) in font nullfont!
Missing character: There is no a ("61) in font nullfont!
Missing character: There is no s ("73) in font nullfont!
Missing character: There is no s ("73) in font nullfont!
Missing character: There is no 的 ("7684) in font nullfont!
LaTeX Font Info:    External font `cmex10' loaded for size
(Font)              <7> on input line 3.
LaTeX Font Info:    External font `cmex10' loaded for size
(Font)              <5> on input line 3.
Missing character: There is no - ("2D) in font nullfont!
Missing character: There is no 方 ("65B9) in font nullfont!
Missing character: There is no 法 ("6CD5) in font nullfont!
Missing character: There is no , ("2C) in font nullfont!
Missing character: There is no 它 ("5B83) in font nullfont!
Missing character: There is no 将 ("5C06) in font nullfont!
Missing character: There is no 无 ("65E0) in font nullfont!
Missing character: There is no 穷 ("7A77) in font nullfont!
Missing character: There is no 小 ("5C0F) in font nullfont!
Missing character: There is no 量 ("91CF) in font nullfont!
Missing character: There is no 视 ("89C6) in font nullfont!
Missing character: There is no 为 ("4E3A) in font nullfont!
Missing character: There is no 扩 ("6269) in font nullfont!
Missing character: There is no 充 ("5145) in font nullfont!
Missing character: There is no 实 ("5B9E) in font nullfont!
Missing character: There is no 数 ("6570) in font nullfont!
Missing character: There is no 集 ("96C6) in font nullfont!
Missing character: There is no 中 ("4E2D) in font nullfont!
Missing character: There is no 实 ("5B9E) in font nullfont!
Missing character: There is no 实 ("5B9E) in font nullfont!
Missing character: There is no 在 ("5728) in font nullfont!
Missing character: There is no 在 ("5728) in font nullfont!
Missing character: There is no 的 ("7684) in font nullfont!
Missing character: There is no 对 ("5BF9) in font nullfont!
Missing character: There is no 象 ("8C61) in font nullfont!
Missing character: There is no . ("2E) in font nullfont!
Missing character: There is no 一 ("4E00) in font nullfont!
Missing character: There is no 种 ("79CD) in font nullfont!
Missing character: There is no 称 ("79F0) in font nullfont!
Missing character: There is no 作 ("4F5C) in font nullfont!
Missing character: There is no 传 (U+4F20) in font [lmroman10-italic]:mapping=te
x-text;!
Missing character: There is no 达 (U+8FBE) in font [lmroman10-italic]:mapping=te
x-text;!
Missing character: There is no 原 (U+539F) in font [lmroman10-italic]:mapping=te
x-text;!
Missing character: There is no 理 (U+7406) in font [lmroman10-italic]:mapping=te
x-text;!
Missing character: There is no 的 ("7684) in font nullfont!
Missing character: There is no 工 ("5DE5) in font nullfont!
Missing character: There is no 具 ("5177) in font nullfont!
Missing character: There is no 提 ("63D0) in font nullfont!
Missing character: There is no 供 ("4F9B) in font nullfont!
Missing character: There is no 了 ("4E86) in font nullfont!
Missing character: There is no 经 ("7ECF) in font nullfont!
Missing character: There is no 典 ("5178) in font nullfont!
Missing character: There is no 分 ("5206) in font nullfont!
Missing character: There is no 析 ("6790) in font nullfont!
Missing character: There is no 与 ("4E0E) in font nullfont!
Missing character: There is no 非 ("975E) in font nullfont!
Missing character: There is no 标 ("6807) in font nullfont!
Missing character: There is no 准 ("51C6) in font nullfont!
Missing character: There is no 分 ("5206) in font nullfont!
Missing character: There is no 析 ("6790) in font nullfont!
Missing character: There is no 之 ("4E4B) in font nullfont!
Missing character: There is no 间 ("95F4) in font nullfont!
Missing character: There is no 的 ("7684) in font nullfont!
Missing character: There is no 桥 ("6865) in font nullfont!
Missing character: There is no 梁 ("6881) in font nullfont!
Missing character: There is no . ("2E) in font nullfont!

Overfull \hbox (34.0pt too wide) in paragraph at lines 3--4
[]\TU/lmr/m/it/10 非标准分析
 []


Overfull \hbox (9.48608pt too wide) in paragraph at lines 3--4
\OML/cmm/m/it/10 "$$^^N$
 []


Overfull \hbox (11.2pt too wide) in paragraph at lines 3--4
\TU/lmr/m/it/10 传达原理 
 []

! Undefined control sequence.
l.5 \subsection
               {基本概念}
The control sequence at the end of the top line
of your error message was never \def'ed. If you have
misspelled it (e.g., `\hobx'), type `I' and the correct
spelling (e.g., `I\hbox'). Otherwise just continue,
and I'll forget about whatever was undefined.


! LaTeX Error: Missing \begin{document}.

See the LaTeX manual or LaTeX Companion for explanation.
Type  H <return>  for immediate help.
 ...                                              
                                                  
l.5 \subsection{基
                 本概念}
You're in trouble here.  Try typing  <return>  to proceed.
If that doesn't work, type  X <return>  to quit.

Missing character: There is no 基 ("57FA) in font nullfont!
Missing character: There is no 本 ("672C) in font nullfont!
Missing character: There is no 概 ("6982) in font nullfont!
Missing character: There is no 念 ("5FF5) in font nullfont!

Overfull \hbox (20.0pt too wide) in paragraph at lines 5--6
[] 
 []


! LaTeX Error: Environment definition undefined.

See the LaTeX manual or LaTeX Companion for explanation.
Type  H <return>  for immediate help.
 ...                                              
                                                  
l.7 \begin{definition}
                      
Your command was ignored.
Type  I <command> <return>  to replace it with another command,
or  <return>  to continue without it.


! LaTeX Error: Missing \begin{document}.

See the LaTeX manual or LaTeX Companion for explanation.
Type  H <return>  for immediate help.
 ...                                              
                                                  
l.8 ^^I{(
         超滤)}
You're in trouble here.  Try typing  <return>  to proceed.
If that doesn't work, type  X <return>  to quit.

Missing character: There is no ( ("28) in font nullfont!
Missing character: There is no 超 ("8D85) in font nullfont!
Missing character: There is no 滤 ("6EE4) in font nullfont!
Missing character: There is no ) ("29) in font nullfont!

Overfull \hbox (20.0pt too wide) in paragraph at lines 8--9
[] 
 []


! LaTeX Error: \begin{document} ended by \end{definition}.

See the LaTeX manual or LaTeX Companion for explanation.
Type  H <return>  for immediate help.
 ...                                              
                                                  
l.10 \end{definition}
                     
Your command was ignored.
Type  I <command> <return>  to replace it with another command,
or  <return>  to continue without it.


! LaTeX Error: Environment remark undefined.

See the LaTeX manual or LaTeX Companion for explanation.
Type  H <return>  for immediate help.
 ...                                              
                                                  
l.12 \begin{remark}
                   
Your command was ignored.
Type  I <command> <return>  to replace it with another command,
or  <return>  to continue without it.


! LaTeX Error: Missing \begin{document}.

See the LaTeX manual or LaTeX Companion for explanation.
Type  H <return>  for immediate help.
 ...                                              
                                                  
l.14 ^^I一
         个集合上超滤构成的空间是其子集 Boole 代数的 Stone 空间, 这是代数--几何对偶的一例.
You're in trouble here.  Try typing  <return>  to proceed.
If that doesn't work, type  X <return>  to quit.

Missing character: There is no 一 ("4E00) in font nullfont!
Missing character: There is no 个 ("4E2A) in font nullfont!
Missing character: There is no 集 ("96C6) in font nullfont!
Missing character: There is no 合 ("5408) in font nullfont!
Missing character: There is no 上 ("4E0A) in font nullfont!
Missing character: There is no 超 ("8D85) in font nullfont!
Missing character: There is no 滤 ("6EE4) in font nullfont!
Missing character: There is no 构 ("6784) in font nullfont!
Missing character: There is no 成 ("6210) in font nullfont!
Missing character: There is no 的 ("7684) in font nullfont!
Missing character: There is no 空 ("7A7A) in font nullfont!
Missing character: There is no 间 ("95F4) in font nullfont!
Missing character: There is no 是 ("662F) in font nullfont!
Missing character: There is no 其 ("5176) in font nullfont!
Missing character: There is no 子 ("5B50) in font nullfont!
Missing character: There is no 集 ("96C6) in font nullfont!
Missing character: There is no B ("42) in font nullfont!
Missing character: There is no o ("6F) in font nullfont!
Missing character: There is no o ("6F) in font nullfont!
Missing character: There is no l ("6C) in font nullfont!
Missing character: There is no e ("65) in font nullfont!
Missing character: There is no 代 ("4EE3) in font nullfont!
Missing character: There is no 数 ("6570) in font nullfont!
Missing character: There is no 的 ("7684) in font nullfont!
Missing character: There is no S ("53) in font nullfont!
Missing character: There is no t ("74) in font nullfont!
Missing character: There is no o ("6F) in font nullfont!
Missing character: There is no n ("6E) in font nullfont!
Missing character: There is no e ("65) in font nullfont!
Missing character: There is no 空 ("7A7A) in font nullfont!
Missing character: There is no 间 ("95F4) in font nullfont!
Missing character: There is no , ("2C) in font nullfont!
Missing character: There is no 这 ("8FD9) in font nullfont!
Missing character: There is no 是 ("662F) in font nullfont!
Missing character: There is no 代 ("4EE3) in font nullfont!
Missing character: There is no 数 ("6570) in font nullfont!
Missing character: There is no - ("2D) in font nullfont!
Missing character: There is no - ("2D) in font nullfont!
Missing character: There is no 几 ("51E0) in font nullfont!
Missing character: There is no 何 ("4F55) in font nullfont!
Missing character: There is no 对 ("5BF9) in font nullfont!
Missing character: There is no 偶 ("5076) in font nullfont!
Missing character: There is no 的 ("7684) in font nullfont!
Missing character: There is no 一 ("4E00) in font nullfont!
Missing character: There is no 例 ("4F8B) in font nullfont!
Missing character: There is no . ("2E) in font nullfont!

! LaTeX Error: \begin{document} ended by \end{remark}.

See the LaTeX manual or LaTeX Companion for explanation.
Type  H <return>  for immediate help.
 ...                                              
                                                  
l.15 \end{remark}
                 
Your command was ignored.
Type  I <command> <return>  to replace it with another command,
or  <return>  to continue without it.


Overfull \hbox (20.0pt too wide) in paragraph at lines 14--16
[]
 []

! Undefined control sequence.
l.17 \subsection
                {滤商}
The control sequence at the end of the top line
of your error message was never \def'ed. If you have
misspelled it (e.g., `\hobx'), type `I' and the correct
spelling (e.g., `I\hbox'). Otherwise just continue,
and I'll forget about whatever was undefined.


! LaTeX Error: Missing \begin{document}.

See the LaTeX manual or LaTeX Companion for explanation.
Type  H <return>  for immediate help.
 ...                                              
                                                  
l.17 \subsection{滤
                  商}
You're in trouble here.  Try typing  <return>  to proceed.
If that doesn't work, type  X <return>  to quit.

Missing character: There is no 滤 ("6EE4) in font nullfont!
Missing character: There is no 商 ("5546) in font nullfont!

Overfull \hbox (20.0pt too wide) in paragraph at lines 17--18
[] 
 []

! Undefined control sequence.
l.19 \subsection
                {超滤范畴}
The control sequence at the end of the top line
of your error message was never \def'ed. If you have
misspelled it (e.g., `\hobx'), type `I' and the correct
spelling (e.g., `I\hbox'). Otherwise just continue,
and I'll forget about whatever was undefined.


! LaTeX Error: Missing \begin{document}.

See the LaTeX manual or LaTeX Companion for explanation.
Type  H <return>  for immediate help.
 ...                                              
                                                  
l.19 \subsection{超
                  滤范畴}
You're in trouble here.  Try typing  <return>  to proceed.
If that doesn't work, type  X <return>  to quit.

Missing character: There is no 超 ("8D85) in font nullfont!
Missing character: There is no 滤 ("6EE4) in font nullfont!
Missing character: There is no 范 ("8303) in font nullfont!
Missing character: There is no 畴 ("7574) in font nullfont!
)
! Emergency stop.
<*> NSA.tex
           
*** (job aborted, no legal \end found)

 
Here is how much of TeX's memory you used:
 23 strings out of 476675
 421 string characters out of 5807327
 1842290 words of memory out of 5000000
 20377 multiletter control sequences out of 15000+600000
 512295 words of font info for 33 fonts, out of 8000000 for 9000
 1348 hyphenation exceptions out of 8191
 18i,1n,12p,185b,63s stack positions out of 10000i,1000n,20000p,200000b,200000s
No pages of output.
