This is XeTeX, Version 3.141592653-2.6-0.999995 (TeX Live 2023) (preloaded format=xelatex 2023.4.3)  20 NOV 2024 13:52
entering extended mode
 restricted \write18 enabled.
 %&-line parsing enabled.
**topos.tex
(./topos.tex
LaTeX2e <2022-11-01> patch level 1
L3 programming layer <2023-03-30> (d:/texlive/2023/texmf-dist/tex/latex/base/book.cls
Document Class: book 2022/07/02 v1.4n Standard LaTeX document class
(d:/texlive/2023/texmf-dist/tex/latex/base/bk10.clo
File: bk10.clo 2022/07/02 v1.4n Standard LaTeX file (size option)
)
\c@part=\count181
\c@chapter=\count182
\c@section=\count183
\c@subsection=\count184
\c@subsubsection=\count185
\c@paragraph=\count186
\c@subparagraph=\count187
\c@figure=\count188
\c@table=\count189
\abovecaptionskip=\skip48
\belowcaptionskip=\skip49
\bibindent=\dimen140
) (d:/texlive/2023/texmf-dist/tex/latex/ctex/ctex.sty (d:/texlive/2023/texmf-dist/tex/latex/l3kernel/expl3.sty
Package: expl3 2023-03-30 L3 programming layer (loader) 
 (d:/texlive/2023/texmf-dist/tex/latex/l3backend/l3backend-xetex.def
File: l3backend-xetex.def 2023-03-30 L3 backend support: XeTeX
\g__graphics_track_int=\count190
\l__pdf_internal_box=\box51
\g__pdf_backend_object_int=\count191
\g__pdf_backend_annotation_int=\count192
\g__pdf_backend_link_int=\count193
))
Package: ctex 2022/07/14 v2.5.10 Chinese adapter in LaTeX (CTEX)
 (d:/texlive/2023/texmf-dist/tex/latex/ctex/ctexhook.sty
Package: ctexhook 2022/07/14 v2.5.10 Document and package hooks (CTEX)
) (d:/texlive/2023/texmf-dist/tex/latex/ctex/ctexpatch.sty
Package: ctexpatch 2022/07/14 v2.5.10 Patching commands (CTEX)
) (d:/texlive/2023/texmf-dist/tex/latex/base/fix-cm.sty
Package: fix-cm 2020/11/24 v1.1t fixes to LaTeX
 (d:/texlive/2023/texmf-dist/tex/latex/base/ts1enc.def
File: ts1enc.def 2001/06/05 v3.0e (jk/car/fm) Standard LaTeX file
LaTeX Font Info:    Redeclaring font encoding TS1 on input line 47.
))
\l__ctex_tmp_int=\count194
\l__ctex_tmp_box=\box52
\l__ctex_tmp_dim=\dimen141
\g__ctex_section_depth_int=\count195
\g__ctex_font_size_int=\count196
 (d:/texlive/2023/texmf-dist/tex/latex/ctex/config/ctexopts.cfg
File: ctexopts.cfg 2022/07/14 v2.5.10 Option configuration file (CTEX)
) (d:/texlive/2023/texmf-dist/tex/latex/ctex/engine/ctex-engine-xetex.def
File: ctex-engine-xetex.def 2022/07/14 v2.5.10 XeLaTeX adapter (CTEX)
 (d:/texlive/2023/texmf-dist/tex/xelatex/xecjk/xeCJK.sty
Package: xeCJK 2022/08/05 v3.9.1 Typesetting CJK scripts with XeLaTeX
 (d:/texlive/2023/texmf-dist/tex/latex/l3packages/xtemplate/xtemplate.sty
Package: xtemplate 2023-02-02 L3 Experimental prototype document functions
\l__xtemplate_tmp_dim=\dimen142
\l__xtemplate_tmp_int=\count197
\l__xtemplate_tmp_muskip=\muskip16
\l__xtemplate_tmp_skip=\skip50
)
\l__xeCJK_tmp_int=\count198
\l__xeCJK_tmp_box=\box53
\l__xeCJK_tmp_dim=\dimen143
\l__xeCJK_tmp_skip=\skip51
\g__xeCJK_space_factor_int=\count199
\l__xeCJK_begin_int=\count266
\l__xeCJK_end_int=\count267
\c__xeCJK_CJK_class_int=\XeTeXcharclass1
\c__xeCJK_FullLeft_class_int=\XeTeXcharclass2
\c__xeCJK_FullRight_class_int=\XeTeXcharclass3
\c__xeCJK_HalfLeft_class_int=\XeTeXcharclass4
\c__xeCJK_HalfRight_class_int=\XeTeXcharclass5
\c__xeCJK_NormalSpace_class_int=\XeTeXcharclass6
\c__xeCJK_CM_class_int=\XeTeXcharclass7
\c__xeCJK_HangulJamo_class_int=\XeTeXcharclass8
\l__xeCJK_last_skip=\skip52
\c__xeCJK_none_node=\count268
\g__xeCJK_node_int=\count269
\c__xeCJK_CJK_node_dim=\dimen144
\c__xeCJK_CJK-space_node_dim=\dimen145
\c__xeCJK_default_node_dim=\dimen146
\c__xeCJK_CJK-widow_node_dim=\dimen147
\c__xeCJK_normalspace_node_dim=\dimen148
\c__xeCJK_default-space_node_skip=\skip53
\l__xeCJK_ccglue_skip=\skip54
\l__xeCJK_ecglue_skip=\skip55
\l__xeCJK_punct_kern_skip=\skip56
\l__xeCJK_indent_box=\box54
\l__xeCJK_last_penalty_int=\count270
\l__xeCJK_last_bound_dim=\dimen149
\l__xeCJK_last_kern_dim=\dimen150
\l__xeCJK_widow_penalty_int=\count271

Package xtemplate Info: Declaring object type 'xeCJK/punctuation' taking 0
(xtemplate)             argument(s) on line 2396.

\l__xeCJK_fixed_punct_width_dim=\dimen151
\l__xeCJK_mixed_punct_width_dim=\dimen152
\l__xeCJK_middle_punct_width_dim=\dimen153
\l__xeCJK_fixed_margin_width_dim=\dimen154
\l__xeCJK_mixed_margin_width_dim=\dimen155
\l__xeCJK_middle_margin_width_dim=\dimen156
\l__xeCJK_bound_punct_width_dim=\dimen157
\l__xeCJK_bound_margin_width_dim=\dimen158
\l__xeCJK_margin_minimum_dim=\dimen159
\l__xeCJK_kerning_total_width_dim=\dimen160
\l__xeCJK_same_align_margin_dim=\dimen161
\l__xeCJK_different_align_margin_dim=\dimen162
\l__xeCJK_kerning_margin_width_dim=\dimen163
\l__xeCJK_kerning_margin_minimum_dim=\dimen164
\l__xeCJK_bound_dim=\dimen165
\l__xeCJK_reverse_bound_dim=\dimen166
\l__xeCJK_margin_dim=\dimen167
\l__xeCJK_minimum_bound_dim=\dimen168
\l__xeCJK_kerning_margin_dim=\dimen169
\g__xeCJK_family_int=\count272
\l__xeCJK_fam_int=\count273
\g__xeCJK_fam_allocation_int=\count274
\l__xeCJK_verb_case_int=\count275
\l__xeCJK_verb_exspace_skip=\skip57
 (d:/texlive/2023/texmf-dist/tex/latex/fontspec/fontspec.sty (d:/texlive/2023/texmf-dist/tex/latex/l3packages/xparse/xparse.sty
Package: xparse 2023-02-02 L3 Experimental document command parser
)
Package: fontspec 2022/01/15 v2.8a Font selection for XeLaTeX and LuaLaTeX
 (d:/texlive/2023/texmf-dist/tex/latex/fontspec/fontspec-xetex.sty
Package: fontspec-xetex 2022/01/15 v2.8a Font selection for XeLaTeX and LuaLaTeX
\l__fontspec_script_int=\count276
\l__fontspec_language_int=\count277
\l__fontspec_strnum_int=\count278
\l__fontspec_tmp_int=\count279
\l__fontspec_tmpa_int=\count280
\l__fontspec_tmpb_int=\count281
\l__fontspec_tmpc_int=\count282
\l__fontspec_em_int=\count283
\l__fontspec_emdef_int=\count284
\l__fontspec_strong_int=\count285
\l__fontspec_strongdef_int=\count286
\l__fontspec_tmpa_dim=\dimen170
\l__fontspec_tmpb_dim=\dimen171
\l__fontspec_tmpc_dim=\dimen172
 (d:/texlive/2023/texmf-dist/tex/latex/base/fontenc.sty
Package: fontenc 2021/04/29 v2.0v Standard LaTeX package
) (d:/texlive/2023/texmf-dist/tex/latex/fontspec/fontspec.cfg))) (d:/texlive/2023/texmf-dist/tex/xelatex/xecjk/xeCJK.cfg
File: xeCJK.cfg 2022/08/05 v3.9.1 Configuration file for xeCJK package
))
\ccwd=\dimen173
\l__ctex_ccglue_skip=\skip58
)
\l__ctex_ziju_dim=\dimen174
 (d:/texlive/2023/texmf-dist/tex/latex/zhnumber/zhnumber.sty
Package: zhnumber 2022/07/14 v3.0 Typesetting numbers with Chinese glyphs
\l__zhnum_scale_int=\count287
\l__zhnum_tmp_int=\count288
 (d:/texlive/2023/texmf-dist/tex/latex/zhnumber/zhnumber-utf8.cfg
File: zhnumber-utf8.cfg 2022/07/14 v3.0 Chinese numerals with UTF8 encoding
)) (d:/texlive/2023/texmf-dist/tex/latex/ctex/scheme/ctex-scheme-chinese.def
File: ctex-scheme-chinese.def 2022/07/14 v2.5.10 Chinese scheme for generic (CTEX)
 (d:/texlive/2023/texmf-dist/tex/latex/ctex/config/ctex-name-utf8.cfg
File: ctex-name-utf8.cfg 2022/07/14 v2.5.10 Caption with encoding UTF-8 (CTEX)
)) (d:/texlive/2023/texmf-dist/tex/latex/tools/indentfirst.sty
Package: indentfirst 1995/11/23 v1.03 Indent first paragraph (DPC)
) (d:/texlive/2023/texmf-dist/tex/latex/ctex/ctex-c5size.clo
File: ctex-c5size.clo 2022/07/14 v2.5.10 c5size option (CTEX)
) (d:/texlive/2023/texmf-dist/tex/latex/ctex/fontset/ctex-fontset-windows.def
File: ctex-fontset-windows.def 2022/07/14 v2.5.10 Windows fonts definition (CTEX)

Package fontspec Info: Could not resolve font "KaiTi/B" (it probably doesn't
(fontspec)             exist).


Package fontspec Info: Could not resolve font "SimHei/I" (it probably doesn't
(fontspec)             exist).


Package fontspec Info: Could not resolve font "SimSun/BI" (it probably doesn't
(fontspec)             exist).


Package fontspec Info: Font family 'SimSun(0)' created for font 'SimSun' with
(fontspec)             options
(fontspec)             [Script={CJK},BoldFont={SimHei},ItalicFont={KaiTi}].
(fontspec)              
(fontspec)              This font family consists of the following NFSS
(fontspec)             series/shapes:
(fontspec)              
(fontspec)             - 'normal' (m/n) with NFSS spec.:
(fontspec)             <->"SimSun/OT:script=hani;language=dflt;"
(fontspec)             - 'small caps'  (m/sc) with NFSS spec.: 
(fontspec)             - 'bold' (b/n) with NFSS spec.:
(fontspec)             <->"SimHei/OT:script=hani;language=dflt;"
(fontspec)             - 'bold small caps'  (b/sc) with NFSS spec.: 
(fontspec)             - 'italic' (m/it) with NFSS spec.:
(fontspec)             <->"KaiTi/OT:script=hani;language=dflt;"
(fontspec)             - 'italic small caps'  (m/scit) with NFSS spec.: 

)) (d:/texlive/2023/texmf-dist/tex/latex/ctex/config/ctex.cfg
File: ctex.cfg 2022/07/14 v2.5.10 Configuration file (CTEX)
)

Package xeCJK Warning: Redefining CJKfamily `\CJKrmdefault' (SimSun(0)).

(./toposCommands.tex) (d:/texlive/2023/texmf-dist/tex/latex/amscls/amsthm.sty
Package: amsthm 2020/05/29 v2.20.6
\thm@style=\toks16
\thm@bodyfont=\toks17
\thm@headfont=\toks18
\thm@notefont=\toks19
\thm@headpunct=\toks20
\thm@preskip=\skip59
\thm@postskip=\skip60
\thm@headsep=\skip61
\dth@everypar=\toks21
) (d:/texlive/2023/texmf-dist/tex/latex/amsmath/amsmath.sty
Package: amsmath 2022/04/08 v2.17n AMS math features
\@mathmargin=\skip62

For additional information on amsmath, use the `?' option.
(d:/texlive/2023/texmf-dist/tex/latex/amsmath/amstext.sty
Package: amstext 2021/08/26 v2.01 AMS text
 (d:/texlive/2023/texmf-dist/tex/latex/amsmath/amsgen.sty
File: amsgen.sty 1999/11/30 v2.0 generic functions
\@emptytoks=\toks22
\ex@=\dimen175
)) (d:/texlive/2023/texmf-dist/tex/latex/amsmath/amsbsy.sty
Package: amsbsy 1999/11/29 v1.2d Bold Symbols
\pmbraise@=\dimen176
) (d:/texlive/2023/texmf-dist/tex/latex/amsmath/amsopn.sty
Package: amsopn 2022/04/08 v2.04 operator names
)
\inf@bad=\count289
LaTeX Info: Redefining \frac on input line 234.
\uproot@=\count290
\leftroot@=\count291
LaTeX Info: Redefining \overline on input line 399.
LaTeX Info: Redefining \colon on input line 410.
\classnum@=\count292
\DOTSCASE@=\count293
LaTeX Info: Redefining \ldots on input line 496.
LaTeX Info: Redefining \dots on input line 499.
LaTeX Info: Redefining \cdots on input line 620.
\Mathstrutbox@=\box55
\strutbox@=\box56
LaTeX Info: Redefining \big on input line 722.
LaTeX Info: Redefining \Big on input line 723.
LaTeX Info: Redefining \bigg on input line 724.
LaTeX Info: Redefining \Bigg on input line 725.
\big@size=\dimen177
LaTeX Font Info:    Redeclaring font encoding OML on input line 743.
LaTeX Font Info:    Redeclaring font encoding OMS on input line 744.
\macc@depth=\count294
LaTeX Info: Redefining \bmod on input line 905.
LaTeX Info: Redefining \pmod on input line 910.
LaTeX Info: Redefining \smash on input line 940.
LaTeX Info: Redefining \relbar on input line 970.
LaTeX Info: Redefining \Relbar on input line 971.
\c@MaxMatrixCols=\count295
\dotsspace@=\muskip17
\c@parentequation=\count296
\dspbrk@lvl=\count297
\tag@help=\toks23
\row@=\count298
\column@=\count299
\maxfields@=\count300
\andhelp@=\toks24
\eqnshift@=\dimen178
\alignsep@=\dimen179
\tagshift@=\dimen180
\tagwidth@=\dimen181
\totwidth@=\dimen182
\lineht@=\dimen183
\@envbody=\toks25
\multlinegap=\skip63
\multlinetaggap=\skip64
\mathdisplay@stack=\toks26
LaTeX Info: Redefining \[ on input line 2953.
LaTeX Info: Redefining \] on input line 2954.
) (d:/texlive/2023/texmf-dist/tex/latex/amsfonts/amssymb.sty
Package: amssymb 2013/01/14 v3.01 AMS font symbols
 (d:/texlive/2023/texmf-dist/tex/latex/amsfonts/amsfonts.sty
Package: amsfonts 2013/01/14 v3.01 Basic AMSFonts support
\symAMSa=\mathgroup4
\symAMSb=\mathgroup5
LaTeX Font Info:    Redeclaring math symbol \hbar on input line 98.
LaTeX Font Info:    Overwriting math alphabet `\mathfrak' in version `bold'
(Font)                  U/euf/m/n --> U/euf/b/n on input line 106.
)) (d:/texlive/2023/texmf-dist/tex/latex/jknapltx/mathrsfs.sty
Package: mathrsfs 1996/01/01 Math RSFS package v1.0 (jk)
\symrsfs=\mathgroup6
) (d:/texlive/2023/texmf-dist/tex/latex/hyperref/hyperref.sty
Package: hyperref 2023-02-07 v7.00v Hypertext links for LaTeX
 (d:/texlive/2023/texmf-dist/tex/generic/ltxcmds/ltxcmds.sty
Package: ltxcmds 2020-05-10 v1.25 LaTeX kernel commands for general use (HO)
) (d:/texlive/2023/texmf-dist/tex/generic/iftex/iftex.sty
Package: iftex 2022/02/03 v1.0f TeX engine tests
) (d:/texlive/2023/texmf-dist/tex/generic/pdftexcmds/pdftexcmds.sty
Package: pdftexcmds 2020-06-27 v0.33 Utility functions of pdfTeX for LuaTeX (HO)
 (d:/texlive/2023/texmf-dist/tex/generic/infwarerr/infwarerr.sty
Package: infwarerr 2019/12/03 v1.5 Providing info/warning/error messages (HO)
)
Package pdftexcmds Info: \pdf@primitive is available.
Package pdftexcmds Info: \pdf@ifprimitive is available.
Package pdftexcmds Info: \pdfdraftmode not found.
) (d:/texlive/2023/texmf-dist/tex/latex/graphics/keyval.sty
Package: keyval 2022/05/29 v1.15 key=value parser (DPC)
\KV@toks@=\toks27
) (d:/texlive/2023/texmf-dist/tex/latex/kvsetkeys/kvsetkeys.sty
Package: kvsetkeys 2022-10-05 v1.19 Key value parser (HO)
) (d:/texlive/2023/texmf-dist/tex/generic/kvdefinekeys/kvdefinekeys.sty
Package: kvdefinekeys 2019-12-19 v1.6 Define keys (HO)
) (d:/texlive/2023/texmf-dist/tex/generic/pdfescape/pdfescape.sty
Package: pdfescape 2019/12/09 v1.15 Implements pdfTeX's escape features (HO)
) (d:/texlive/2023/texmf-dist/tex/latex/hycolor/hycolor.sty
Package: hycolor 2020-01-27 v1.10 Color options for hyperref/bookmark (HO)
) (d:/texlive/2023/texmf-dist/tex/latex/letltxmacro/letltxmacro.sty
Package: letltxmacro 2019/12/03 v1.6 Let assignment for LaTeX macros (HO)
) (d:/texlive/2023/texmf-dist/tex/latex/auxhook/auxhook.sty
Package: auxhook 2019-12-17 v1.6 Hooks for auxiliary files (HO)
) (d:/texlive/2023/texmf-dist/tex/latex/hyperref/nameref.sty
Package: nameref 2022-05-17 v2.50 Cross-referencing by name of section
 (d:/texlive/2023/texmf-dist/tex/latex/refcount/refcount.sty
Package: refcount 2019/12/15 v3.6 Data extraction from label references (HO)
) (d:/texlive/2023/texmf-dist/tex/generic/gettitlestring/gettitlestring.sty
Package: gettitlestring 2019/12/15 v1.6 Cleanup title references (HO)
 (d:/texlive/2023/texmf-dist/tex/latex/kvoptions/kvoptions.sty
Package: kvoptions 2022-06-15 v3.15 Key value format for package options (HO)
))
\c@section@level=\count301
)
\@linkdim=\dimen184
\Hy@linkcounter=\count302
\Hy@pagecounter=\count303
 (d:/texlive/2023/texmf-dist/tex/latex/hyperref/pd1enc.def
File: pd1enc.def 2023-02-07 v7.00v Hyperref: PDFDocEncoding definition (HO)
) (d:/texlive/2023/texmf-dist/tex/generic/intcalc/intcalc.sty
Package: intcalc 2019/12/15 v1.3 Expandable calculations with integers (HO)
) (d:/texlive/2023/texmf-dist/tex/generic/etexcmds/etexcmds.sty
Package: etexcmds 2019/12/15 v1.7 Avoid name clashes with e-TeX commands (HO)
)
\Hy@SavedSpaceFactor=\count304
 (d:/texlive/2023/texmf-dist/tex/latex/hyperref/puenc.def
File: puenc.def 2023-02-07 v7.00v Hyperref: PDF Unicode definition (HO)
)
Package hyperref Info: Option `unicode' set `true' on input line 4060.
Package hyperref Info: Hyper figures OFF on input line 4177.
Package hyperref Info: Link nesting OFF on input line 4182.
Package hyperref Info: Hyper index ON on input line 4185.
Package hyperref Info: Plain pages OFF on input line 4192.
Package hyperref Info: Backreferencing OFF on input line 4197.
Package hyperref Info: Implicit mode ON; LaTeX internals redefined.
Package hyperref Info: Bookmarks ON on input line 4425.
\c@Hy@tempcnt=\count305
 (d:/texlive/2023/texmf-dist/tex/latex/url/url.sty
\Urlmuskip=\muskip18
Package: url 2013/09/16  ver 3.4  Verb mode for urls, etc.
)
LaTeX Info: Redefining \url on input line 4763.
\XeTeXLinkMargin=\dimen185
 (d:/texlive/2023/texmf-dist/tex/generic/bitset/bitset.sty
Package: bitset 2019/12/09 v1.3 Handle bit-vector datatype (HO)
 (d:/texlive/2023/texmf-dist/tex/generic/bigintcalc/bigintcalc.sty
Package: bigintcalc 2019/12/15 v1.5 Expandable calculations on big integers (HO)
))
\Fld@menulength=\count306
\Field@Width=\dimen186
\Fld@charsize=\dimen187
Package hyperref Info: Hyper figures OFF on input line 6042.
Package hyperref Info: Link nesting OFF on input line 6047.
Package hyperref Info: Hyper index ON on input line 6050.
Package hyperref Info: backreferencing OFF on input line 6057.
Package hyperref Info: Link coloring OFF on input line 6062.
Package hyperref Info: Link coloring with OCG OFF on input line 6067.
Package hyperref Info: PDF/A mode OFF on input line 6072.
 (d:/texlive/2023/texmf-dist/tex/latex/base/atbegshi-ltx.sty
Package: atbegshi-ltx 2021/01/10 v1.0c Emulation of the original atbegshi
package with kernel methods
)
\Hy@abspage=\count307
\c@Item=\count308
\c@Hfootnote=\count309
)
Package hyperref Info: Driver (autodetected): hxetex.
 (d:/texlive/2023/texmf-dist/tex/latex/hyperref/hxetex.def
File: hxetex.def 2023-02-07 v7.00v Hyperref driver for XeTeX
 (d:/texlive/2023/texmf-dist/tex/generic/stringenc/stringenc.sty
Package: stringenc 2019/11/29 v1.12 Convert strings between diff. encodings (HO)
)
\pdfm@box=\box57
\c@Hy@AnnotLevel=\count310
\HyField@AnnotCount=\count311
\Fld@listcount=\count312
\c@bookmark@seq@number=\count313
 (d:/texlive/2023/texmf-dist/tex/latex/rerunfilecheck/rerunfilecheck.sty
Package: rerunfilecheck 2022-07-10 v1.10 Rerun checks for auxiliary files (HO)
 (d:/texlive/2023/texmf-dist/tex/latex/base/atveryend-ltx.sty
Package: atveryend-ltx 2020/08/19 v1.0a Emulation of the original atveryend package
with kernel methods
) (d:/texlive/2023/texmf-dist/tex/generic/uniquecounter/uniquecounter.sty
Package: uniquecounter 2019/12/15 v1.4 Provide unlimited unique counter (HO)
)
Package uniquecounter Info: New unique counter `rerunfilecheck' on input line 285.
)
\Hy@SectionHShift=\skip65
) (d:/texlive/2023/texmf-dist/tex/latex/stmaryrd/stmaryrd.sty
Package: stmaryrd 1994/03/03 St Mary's Road symbol package
\symstmry=\mathgroup7
LaTeX Font Info:    Overwriting symbol font `stmry' in version `bold'
(Font)                  U/stmry/m/n --> U/stmry/b/n on input line 89.
) (d:/texlive/2023/texmf-dist/tex/latex/epigraph/epigraph.sty
Package: epigraph 2020/01/02 v1.5e typesetting epigraphs
 (d:/texlive/2023/texmf-dist/tex/latex/nextpage/nextpage.sty
Package: nextpage 2009/09/03 v1.1a additional page commands
)
\beforeepigraphskip=\skip66
\afterepigraphskip=\skip67
\epigraphwidth=\skip68
\epigraphrule=\skip69
) (d:/texlive/2023/texmf-dist/tex/latex/pgf/frontendlayer/tikz.sty (d:/texlive/2023/texmf-dist/tex/latex/pgf/basiclayer/pgf.sty (d:/texlive/2023/texmf-dist/tex/latex/pgf/utilities/pgfrcs.sty (d:/texlive/2023/texmf-dist/tex/generic/pgf/utilities/pgfutil-common.tex
\pgfutil@everybye=\toks28
\pgfutil@tempdima=\dimen188
\pgfutil@tempdimb=\dimen189
) (d:/texlive/2023/texmf-dist/tex/generic/pgf/utilities/pgfutil-latex.def
\pgfutil@abb=\box58
) (d:/texlive/2023/texmf-dist/tex/generic/pgf/utilities/pgfrcs.code.tex (d:/texlive/2023/texmf-dist/tex/generic/pgf/pgf.revision.tex)
Package: pgfrcs 2023-01-15 v3.1.10 (3.1.10)
))
Package: pgf 2023-01-15 v3.1.10 (3.1.10)
 (d:/texlive/2023/texmf-dist/tex/latex/pgf/basiclayer/pgfcore.sty (d:/texlive/2023/texmf-dist/tex/latex/graphics/graphicx.sty
Package: graphicx 2021/09/16 v1.2d Enhanced LaTeX Graphics (DPC,SPQR)
 (d:/texlive/2023/texmf-dist/tex/latex/graphics/graphics.sty
Package: graphics 2022/03/10 v1.4e Standard LaTeX Graphics (DPC,SPQR)
 (d:/texlive/2023/texmf-dist/tex/latex/graphics/trig.sty
Package: trig 2021/08/11 v1.11 sin cos tan (DPC)
) (d:/texlive/2023/texmf-dist/tex/latex/graphics-cfg/graphics.cfg
File: graphics.cfg 2016/06/04 v1.11 sample graphics configuration
)
Package graphics Info: Driver file: xetex.def on input line 107.
 (d:/texlive/2023/texmf-dist/tex/latex/graphics-def/xetex.def
File: xetex.def 2022/09/22 v5.0n Graphics/color driver for xetex
))
\Gin@req@height=\dimen190
\Gin@req@width=\dimen191
) (d:/texlive/2023/texmf-dist/tex/latex/pgf/systemlayer/pgfsys.sty (d:/texlive/2023/texmf-dist/tex/generic/pgf/systemlayer/pgfsys.code.tex
Package: pgfsys 2023-01-15 v3.1.10 (3.1.10)
 (d:/texlive/2023/texmf-dist/tex/generic/pgf/utilities/pgfkeys.code.tex
\pgfkeys@pathtoks=\toks29
\pgfkeys@temptoks=\toks30
 (d:/texlive/2023/texmf-dist/tex/generic/pgf/utilities/pgfkeyslibraryfiltered.code.tex
\pgfkeys@tmptoks=\toks31
))
\pgf@x=\dimen192
\pgf@y=\dimen193
\pgf@xa=\dimen194
\pgf@ya=\dimen195
\pgf@xb=\dimen196
\pgf@yb=\dimen197
\pgf@xc=\dimen198
\pgf@yc=\dimen199
\pgf@xd=\dimen256
\pgf@yd=\dimen257
\w@pgf@writea=\write3
\r@pgf@reada=\read2
\c@pgf@counta=\count314
\c@pgf@countb=\count315
\c@pgf@countc=\count316
\c@pgf@countd=\count317
\t@pgf@toka=\toks32
\t@pgf@tokb=\toks33
\t@pgf@tokc=\toks34
\pgf@sys@id@count=\count318
 (d:/texlive/2023/texmf-dist/tex/generic/pgf/systemlayer/pgf.cfg
File: pgf.cfg 2023-01-15 v3.1.10 (3.1.10)
)
Driver file for pgf: pgfsys-xetex.def
 (d:/texlive/2023/texmf-dist/tex/generic/pgf/systemlayer/pgfsys-xetex.def
File: pgfsys-xetex.def 2023-01-15 v3.1.10 (3.1.10)
 (d:/texlive/2023/texmf-dist/tex/generic/pgf/systemlayer/pgfsys-dvipdfmx.def
File: pgfsys-dvipdfmx.def 2023-01-15 v3.1.10 (3.1.10)
 (d:/texlive/2023/texmf-dist/tex/generic/pgf/systemlayer/pgfsys-common-pdf.def
File: pgfsys-common-pdf.def 2023-01-15 v3.1.10 (3.1.10)
)
\pgfsys@objnum=\count319
))) (d:/texlive/2023/texmf-dist/tex/generic/pgf/systemlayer/pgfsyssoftpath.code.tex
File: pgfsyssoftpath.code.tex 2023-01-15 v3.1.10 (3.1.10)
\pgfsyssoftpath@smallbuffer@items=\count320
\pgfsyssoftpath@bigbuffer@items=\count321
) (d:/texlive/2023/texmf-dist/tex/generic/pgf/systemlayer/pgfsysprotocol.code.tex
File: pgfsysprotocol.code.tex 2023-01-15 v3.1.10 (3.1.10)
)) (d:/texlive/2023/texmf-dist/tex/latex/xcolor/xcolor.sty
Package: xcolor 2022/06/12 v2.14 LaTeX color extensions (UK)
 (d:/texlive/2023/texmf-dist/tex/latex/graphics-cfg/color.cfg
File: color.cfg 2016/01/02 v1.6 sample color configuration
)
Package xcolor Info: Driver file: xetex.def on input line 227.
 (d:/texlive/2023/texmf-dist/tex/latex/graphics/mathcolor.ltx)
Package xcolor Info: Model `cmy' substituted by `cmy0' on input line 1353.
Package xcolor Info: Model `RGB' extended on input line 1369.
Package xcolor Info: Model `HTML' substituted by `rgb' on input line 1371.
Package xcolor Info: Model `Hsb' substituted by `hsb' on input line 1372.
Package xcolor Info: Model `tHsb' substituted by `hsb' on input line 1373.
Package xcolor Info: Model `HSB' substituted by `hsb' on input line 1374.
Package xcolor Info: Model `Gray' substituted by `gray' on input line 1375.
Package xcolor Info: Model `wave' substituted by `hsb' on input line 1376.
) (d:/texlive/2023/texmf-dist/tex/generic/pgf/basiclayer/pgfcore.code.tex
Package: pgfcore 2023-01-15 v3.1.10 (3.1.10)
 (d:/texlive/2023/texmf-dist/tex/generic/pgf/math/pgfmath.code.tex (d:/texlive/2023/texmf-dist/tex/generic/pgf/math/pgfmathutil.code.tex) (d:/texlive/2023/texmf-dist/tex/generic/pgf/math/pgfmathparser.code.tex
\pgfmath@dimen=\dimen258
\pgfmath@count=\count322
\pgfmath@box=\box59
\pgfmath@toks=\toks35
\pgfmath@stack@operand=\toks36
\pgfmath@stack@operation=\toks37
) (d:/texlive/2023/texmf-dist/tex/generic/pgf/math/pgfmathfunctions.code.tex) (d:/texlive/2023/texmf-dist/tex/generic/pgf/math/pgfmathfunctions.basic.code.tex) (d:/texlive/2023/texmf-dist/tex/generic/pgf/math/pgfmathfunctions.trigonometric.code.tex) (d:/texlive/2023/texmf-dist/tex/generic/pgf/math/pgfmathfunctions.random.code.tex) (d:/texlive/2023/texmf-dist/tex/generic/pgf/math/pgfmathfunctions.comparison.code.tex) (d:/texlive/2023/texmf-dist/tex/generic/pgf/math/pgfmathfunctions.base.code.tex) (d:/texlive/2023/texmf-dist/tex/generic/pgf/math/pgfmathfunctions.round.code.tex) (d:/texlive/2023/texmf-dist/tex/generic/pgf/math/pgfmathfunctions.misc.code.tex) (d:/texlive/2023/texmf-dist/tex/generic/pgf/math/pgfmathfunctions.integerarithmetics.code.tex) (d:/texlive/2023/texmf-dist/tex/generic/pgf/math/pgfmathcalc.code.tex) (d:/texlive/2023/texmf-dist/tex/generic/pgf/math/pgfmathfloat.code.tex
\c@pgfmathroundto@lastzeros=\count323
)) (d:/texlive/2023/texmf-dist/tex/generic/pgf/math/pgfint.code.tex) (d:/texlive/2023/texmf-dist/tex/generic/pgf/basiclayer/pgfcorepoints.code.tex
File: pgfcorepoints.code.tex 2023-01-15 v3.1.10 (3.1.10)
\pgf@picminx=\dimen259
\pgf@picmaxx=\dimen260
\pgf@picminy=\dimen261
\pgf@picmaxy=\dimen262
\pgf@pathminx=\dimen263
\pgf@pathmaxx=\dimen264
\pgf@pathminy=\dimen265
\pgf@pathmaxy=\dimen266
\pgf@xx=\dimen267
\pgf@xy=\dimen268
\pgf@yx=\dimen269
\pgf@yy=\dimen270
\pgf@zx=\dimen271
\pgf@zy=\dimen272
) (d:/texlive/2023/texmf-dist/tex/generic/pgf/basiclayer/pgfcorepathconstruct.code.tex
File: pgfcorepathconstruct.code.tex 2023-01-15 v3.1.10 (3.1.10)
\pgf@path@lastx=\dimen273
\pgf@path@lasty=\dimen274
) (d:/texlive/2023/texmf-dist/tex/generic/pgf/basiclayer/pgfcorepathusage.code.tex
File: pgfcorepathusage.code.tex 2023-01-15 v3.1.10 (3.1.10)
\pgf@shorten@end@additional=\dimen275
\pgf@shorten@start@additional=\dimen276
) (d:/texlive/2023/texmf-dist/tex/generic/pgf/basiclayer/pgfcorescopes.code.tex
File: pgfcorescopes.code.tex 2023-01-15 v3.1.10 (3.1.10)
\pgfpic=\box60
\pgf@hbox=\box61
\pgf@layerbox@main=\box62
\pgf@picture@serial@count=\count324
) (d:/texlive/2023/texmf-dist/tex/generic/pgf/basiclayer/pgfcoregraphicstate.code.tex
File: pgfcoregraphicstate.code.tex 2023-01-15 v3.1.10 (3.1.10)
\pgflinewidth=\dimen277
) (d:/texlive/2023/texmf-dist/tex/generic/pgf/basiclayer/pgfcoretransformations.code.tex
File: pgfcoretransformations.code.tex 2023-01-15 v3.1.10 (3.1.10)
\pgf@pt@x=\dimen278
\pgf@pt@y=\dimen279
\pgf@pt@temp=\dimen280
) (d:/texlive/2023/texmf-dist/tex/generic/pgf/basiclayer/pgfcorequick.code.tex
File: pgfcorequick.code.tex 2023-01-15 v3.1.10 (3.1.10)
) (d:/texlive/2023/texmf-dist/tex/generic/pgf/basiclayer/pgfcoreobjects.code.tex
File: pgfcoreobjects.code.tex 2023-01-15 v3.1.10 (3.1.10)
) (d:/texlive/2023/texmf-dist/tex/generic/pgf/basiclayer/pgfcorepathprocessing.code.tex
File: pgfcorepathprocessing.code.tex 2023-01-15 v3.1.10 (3.1.10)
) (d:/texlive/2023/texmf-dist/tex/generic/pgf/basiclayer/pgfcorearrows.code.tex
File: pgfcorearrows.code.tex 2023-01-15 v3.1.10 (3.1.10)
\pgfarrowsep=\dimen281
) (d:/texlive/2023/texmf-dist/tex/generic/pgf/basiclayer/pgfcoreshade.code.tex
File: pgfcoreshade.code.tex 2023-01-15 v3.1.10 (3.1.10)
\pgf@max=\dimen282
\pgf@sys@shading@range@num=\count325
\pgf@shadingcount=\count326
) (d:/texlive/2023/texmf-dist/tex/generic/pgf/basiclayer/pgfcoreimage.code.tex
File: pgfcoreimage.code.tex 2023-01-15 v3.1.10 (3.1.10)
) (d:/texlive/2023/texmf-dist/tex/generic/pgf/basiclayer/pgfcoreexternal.code.tex
File: pgfcoreexternal.code.tex 2023-01-15 v3.1.10 (3.1.10)
\pgfexternal@startupbox=\box63
) (d:/texlive/2023/texmf-dist/tex/generic/pgf/basiclayer/pgfcorelayers.code.tex
File: pgfcorelayers.code.tex 2023-01-15 v3.1.10 (3.1.10)
) (d:/texlive/2023/texmf-dist/tex/generic/pgf/basiclayer/pgfcoretransparency.code.tex
File: pgfcoretransparency.code.tex 2023-01-15 v3.1.10 (3.1.10)
) (d:/texlive/2023/texmf-dist/tex/generic/pgf/basiclayer/pgfcorepatterns.code.tex
File: pgfcorepatterns.code.tex 2023-01-15 v3.1.10 (3.1.10)
) (d:/texlive/2023/texmf-dist/tex/generic/pgf/basiclayer/pgfcorerdf.code.tex
File: pgfcorerdf.code.tex 2023-01-15 v3.1.10 (3.1.10)
))) (d:/texlive/2023/texmf-dist/tex/generic/pgf/modules/pgfmoduleshapes.code.tex
File: pgfmoduleshapes.code.tex 2023-01-15 v3.1.10 (3.1.10)
\pgfnodeparttextbox=\box64
) (d:/texlive/2023/texmf-dist/tex/generic/pgf/modules/pgfmoduleplot.code.tex
File: pgfmoduleplot.code.tex 2023-01-15 v3.1.10 (3.1.10)
) (d:/texlive/2023/texmf-dist/tex/latex/pgf/compatibility/pgfcomp-version-0-65.sty
Package: pgfcomp-version-0-65 2023-01-15 v3.1.10 (3.1.10)
\pgf@nodesepstart=\dimen283
\pgf@nodesepend=\dimen284
) (d:/texlive/2023/texmf-dist/tex/latex/pgf/compatibility/pgfcomp-version-1-18.sty
Package: pgfcomp-version-1-18 2023-01-15 v3.1.10 (3.1.10)
)) (d:/texlive/2023/texmf-dist/tex/latex/pgf/utilities/pgffor.sty (d:/texlive/2023/texmf-dist/tex/latex/pgf/utilities/pgfkeys.sty (d:/texlive/2023/texmf-dist/tex/generic/pgf/utilities/pgfkeys.code.tex)) (d:/texlive/2023/texmf-dist/tex/latex/pgf/math/pgfmath.sty (d:/texlive/2023/texmf-dist/tex/generic/pgf/math/pgfmath.code.tex)) (d:/texlive/2023/texmf-dist/tex/generic/pgf/utilities/pgffor.code.tex
Package: pgffor 2023-01-15 v3.1.10 (3.1.10)
\pgffor@iter=\dimen285
\pgffor@skip=\dimen286
\pgffor@stack=\toks38
\pgffor@toks=\toks39
)) (d:/texlive/2023/texmf-dist/tex/generic/pgf/frontendlayer/tikz/tikz.code.tex
Package: tikz 2023-01-15 v3.1.10 (3.1.10)
 (d:/texlive/2023/texmf-dist/tex/generic/pgf/libraries/pgflibraryplothandlers.code.tex
File: pgflibraryplothandlers.code.tex 2023-01-15 v3.1.10 (3.1.10)
\pgf@plot@mark@count=\count327
\pgfplotmarksize=\dimen287
)
\tikz@lastx=\dimen288
\tikz@lasty=\dimen289
\tikz@lastxsaved=\dimen290
\tikz@lastysaved=\dimen291
\tikz@lastmovetox=\dimen292
\tikz@lastmovetoy=\dimen293
\tikzleveldistance=\dimen294
\tikzsiblingdistance=\dimen295
\tikz@figbox=\box65
\tikz@figbox@bg=\box66
\tikz@tempbox=\box67
\tikz@tempbox@bg=\box68
\tikztreelevel=\count328
\tikznumberofchildren=\count329
\tikznumberofcurrentchild=\count330
\tikz@fig@count=\count331
 (d:/texlive/2023/texmf-dist/tex/generic/pgf/modules/pgfmodulematrix.code.tex
File: pgfmodulematrix.code.tex 2023-01-15 v3.1.10 (3.1.10)
\pgfmatrixcurrentrow=\count332
\pgfmatrixcurrentcolumn=\count333
\pgf@matrix@numberofcolumns=\count334
)
\tikz@expandcount=\count335
 (d:/texlive/2023/texmf-dist/tex/generic/pgf/frontendlayer/tikz/libraries/tikzlibrarytopaths.code.tex
File: tikzlibrarytopaths.code.tex 2023-01-15 v3.1.10 (3.1.10)
))) (d:/texlive/2023/texmf-dist/tex/generic/tikz-cd/tikzlibrarycd.code.tex (d:/texlive/2023/texmf-dist/tex/generic/pgf/frontendlayer/tikz/libraries/tikzlibrarymatrix.code.tex
File: tikzlibrarymatrix.code.tex 2023-01-15 v3.1.10 (3.1.10)
) (d:/texlive/2023/texmf-dist/tex/generic/pgf/frontendlayer/tikz/libraries/tikzlibraryquotes.code.tex
File: tikzlibraryquotes.code.tex 2023-01-15 v3.1.10 (3.1.10)
) (d:/texlive/2023/texmf-dist/tex/generic/pgf/libraries/pgflibraryarrows.meta.code.tex
File: pgflibraryarrows.meta.code.tex 2023-01-15 v3.1.10 (3.1.10)
\pgfarrowinset=\dimen296
\pgfarrowlength=\dimen297
\pgfarrowwidth=\dimen298
\pgfarrowlinewidth=\dimen299
)) (d:/texlive/2023/texmf-dist/tex/generic/pgf/frontendlayer/tikz/libraries/tikzlibrarydecorations.pathmorphing.code.tex (d:/texlive/2023/texmf-dist/tex/generic/pgf/frontendlayer/tikz/libraries/tikzlibrarydecorations.code.tex (d:/texlive/2023/texmf-dist/tex/generic/pgf/modules/pgfmoduledecorations.code.tex
\pgfdecoratedcompleteddistance=\dimen300
\pgfdecoratedremainingdistance=\dimen301
\pgfdecoratedinputsegmentcompleteddistance=\dimen302
\pgfdecoratedinputsegmentremainingdistance=\dimen303
\pgf@decorate@distancetomove=\dimen304
\pgf@decorate@repeatstate=\count336
\pgfdecorationsegmentamplitude=\dimen305
\pgfdecorationsegmentlength=\dimen306
)
\tikz@lib@dec@box=\box69
) (d:/texlive/2023/texmf-dist/tex/generic/pgf/libraries/decorations/pgflibrarydecorations.pathmorphing.code.tex)) (d:/texlive/2023/texmf-dist/tex/latex/tools/enumerate.sty
Package: enumerate 2015/07/23 v3.00 enumerate extensions (DPC)
\@enLab=\toks40
) (./colorboxes.tex (d:/texlive/2023/texmf-dist/tex/latex/tcolorbox/tcolorbox.sty
Package: tcolorbox 2023/03/17 version 6.0.3 text color boxes
 (d:/texlive/2023/texmf-dist/tex/latex/tools/verbatim.sty
Package: verbatim 2022-07-02 v1.5u LaTeX2e package for verbatim enhancements
\every@verbatim=\toks41
\verbatim@line=\toks42
\verbatim@in@stream=\read3
) (d:/texlive/2023/texmf-dist/tex/latex/environ/environ.sty
Package: environ 2014/05/04 v0.3 A new way to define environments
 (d:/texlive/2023/texmf-dist/tex/latex/trimspaces/trimspaces.sty
Package: trimspaces 2009/09/17 v1.1 Trim spaces around a token list
)) (d:/texlive/2023/texmf-dist/tex/latex/etoolbox/etoolbox.sty
Package: etoolbox 2020/10/05 v2.5k e-TeX tools for LaTeX (JAW)
\etb@tempcnta=\count337
)
\tcb@titlebox=\box70
\tcb@upperbox=\box71
\tcb@lowerbox=\box72
\tcb@phantombox=\box73
\c@tcbbreakpart=\count338
\c@tcblayer=\count339
\c@tcolorbox@number=\count340
\tcb@temp=\box74
\tcb@temp=\box75
\tcb@temp=\box76
\tcb@temp=\box77
) (d:/texlive/2023/texmf-dist/tex/latex/tcolorbox/tcbbreakable.code.tex
Library (tcolorbox): 'tcbbreakable.code.tex' version '6.0.3'
(d:/texlive/2023/texmf-dist/tex/latex/pdfcol/pdfcol.sty
Package: pdfcol 2022-09-21 v1.7 Handle new color stacks for pdfTeX (HO)
Package pdfcol Info: Interface disabled because of missing PDF mode of pdfTeX.
)
Package pdfcol Info: pdfTeX's color stacks are not available.
\tcb@testbox=\box78
\tcb@totalupperbox=\box79
\tcb@totallowerbox=\box80
)
\c@tcb@cnt@remark=\count341
\c@tcb@cnt@exercise=\count342
) (d:/texlive/2023/texmf-dist/tex/latex/tools/multicol.sty
Package: multicol 2021/11/30 v1.9d multicolumn formatting (FMi)
\c@tracingmulticols=\count343
\mult@box=\box81
\multicol@leftmargin=\dimen307
\c@unbalance=\count344
\c@collectmore=\count345
\doublecol@number=\count346
\multicoltolerance=\count347
\multicolpretolerance=\count348
\full@width=\dimen308
\page@free=\dimen309
\premulticols=\dimen310
\postmulticols=\dimen311
\multicolsep=\skip70
\multicolbaselineskip=\skip71
\partial@page=\box82
\last@line=\box83
\maxbalancingoverflow=\dimen312
\mult@rightbox=\box84
\mult@grightbox=\box85
\mult@firstbox=\box86
\mult@gfirstbox=\box87
\@tempa=\box88
\@tempa=\box89
\@tempa=\box90
\@tempa=\box91
\@tempa=\box92
\@tempa=\box93
\@tempa=\box94
\@tempa=\box95
\@tempa=\box96
\@tempa=\box97
\@tempa=\box98
\@tempa=\box99
\@tempa=\box100
\@tempa=\box101
\@tempa=\box102
\@tempa=\box103
\@tempa=\box104
\@tempa=\box105
\@tempa=\box106
\@tempa=\box107
\@tempa=\box108
\@tempa=\box109
\@tempa=\box110
\@tempa=\box111
\@tempa=\box112
\@tempa=\box113
\@tempa=\box114
\@tempa=\box115
\@tempa=\box116
\@tempa=\box117
\@tempa=\box118
\@tempa=\box119
\@tempa=\box120
\@tempa=\box121
\@tempa=\box122
\@tempa=\box123
\c@minrows=\count349
\c@columnbadness=\count350
\c@finalcolumnbadness=\count351
\last@try=\dimen313
\multicolovershoot=\dimen314
\multicolundershoot=\dimen315
\mult@nat@firstbox=\box124
\colbreak@box=\box125
\mc@col@check@num=\count352
) (d:/texlive/2023/texmf-dist/tex/latex/geometry/geometry.sty
Package: geometry 2020/01/02 v5.9 Page Geometry
 (d:/texlive/2023/texmf-dist/tex/generic/iftex/ifvtex.sty
Package: ifvtex 2019/10/25 v1.7 ifvtex legacy package. Use iftex instead.
)
\Gm@cnth=\count353
\Gm@cntv=\count354
\c@Gm@tempcnt=\count355
\Gm@bindingoffset=\dimen316
\Gm@wd@mp=\dimen317
\Gm@odd@mp=\dimen318
\Gm@even@mp=\dimen319
\Gm@layoutwidth=\dimen320
\Gm@layoutheight=\dimen321
\Gm@layouthoffset=\dimen322
\Gm@layoutvoffset=\dimen323
\Gm@dimlist=\toks43
) (d:/texlive/2023/texmf-dist/tex/latex/fancyhdr/fancyhdr.sty
Package: fancyhdr 2022/11/09 v4.1 Extensive control of page headers and footers
\f@nch@headwidth=\skip72
\f@nch@O@elh=\skip73
\f@nch@O@erh=\skip74
\f@nch@O@olh=\skip75
\f@nch@O@orh=\skip76
\f@nch@O@elf=\skip77
\f@nch@O@erf=\skip78
\f@nch@O@olf=\skip79
\f@nch@O@orf=\skip80
) (d:/texlive/2023/texmf-dist/tex/latex/biblatex/biblatex.sty
Package: biblatex 2023/03/05 v3.19 programmable bibliographies (PK/MW)
 (d:/texlive/2023/texmf-dist/tex/latex/logreq/logreq.sty
Package: logreq 2010/08/04 v1.0 xml request logger
\lrq@indent=\count356
 (d:/texlive/2023/texmf-dist/tex/latex/logreq/logreq.def
File: logreq.def 2010/08/04 v1.0 logreq spec v1.0
)) (d:/texlive/2023/texmf-dist/tex/latex/base/ifthen.sty
Package: ifthen 2022/04/13 v1.1d Standard LaTeX ifthen package (DPC)
)
\c@tabx@nest=\count357
\c@listtotal=\count358
\c@listcount=\count359
\c@liststart=\count360
\c@liststop=\count361
\c@citecount=\count362
\c@citetotal=\count363
\c@multicitecount=\count364
\c@multicitetotal=\count365
\c@instcount=\count366
\c@maxnames=\count367
\c@minnames=\count368
\c@maxitems=\count369
\c@minitems=\count370
\c@citecounter=\count371
\c@maxcitecounter=\count372
\c@savedcitecounter=\count373
\c@uniquelist=\count374
\c@uniquename=\count375
\c@refsection=\count376
\c@refsegment=\count377
\c@maxextratitle=\count378
\c@maxextratitleyear=\count379
\c@maxextraname=\count380
\c@maxextradate=\count381
\c@maxextraalpha=\count382
\c@abbrvpenalty=\count383
\c@highnamepenalty=\count384
\c@lownamepenalty=\count385
\c@maxparens=\count386
\c@parenlevel=\count387
\blx@tempcnta=\count388
\blx@tempcntb=\count389
\blx@tempcntc=\count390
\c@blx@maxsection=\count391
\blx@maxsegment@0=\count392
\blx@notetype=\count393
\blx@parenlevel@text=\count394
\blx@parenlevel@foot=\count395
\blx@sectionciteorder@0=\count396
\blx@sectionciteorderinternal@0=\count397
\blx@entrysetcounter=\count398
\blx@biblioinstance=\count399
\labelnumberwidth=\skip81
\labelalphawidth=\skip82
\biblabelsep=\skip83
\bibitemsep=\skip84
\bibnamesep=\skip85
\bibinitsep=\skip86
\bibparsep=\skip87
\bibhang=\skip88
\blx@bcfin=\read4
\blx@bcfout=\write4
\blx@langwohyphens=\language87
\c@mincomprange=\count400
\c@maxcomprange=\count401
\c@mincompwidth=\count402
Package biblatex Info: Trying to load biblatex default data model...
Package biblatex Info: ... file 'blx-dm.def' found.
 (d:/texlive/2023/texmf-dist/tex/latex/biblatex/blx-dm.def
File: blx-dm.def 2023/03/05 v3.19 biblatex localization (PK/MW)
)
Package biblatex Info: Trying to load biblatex custom data model...
Package biblatex Info: ... file 'biblatex-dm.cfg' not found.
\c@afterword=\count403
\c@savedafterword=\count404
\c@annotator=\count405
\c@savedannotator=\count406
\c@author=\count407
\c@savedauthor=\count408
\c@bookauthor=\count409
\c@savedbookauthor=\count410
\c@commentator=\count411
\c@savedcommentator=\count412
\c@editor=\count413
\c@savededitor=\count414
\c@editora=\count415
\c@savededitora=\count416
\c@editorb=\count417
\c@savededitorb=\count418
\c@editorc=\count419
\c@savededitorc=\count420
\c@foreword=\count421
\c@savedforeword=\count422
\c@holder=\count423
\c@savedholder=\count424
\c@introduction=\count425
\c@savedintroduction=\count426
\c@namea=\count427
\c@savednamea=\count428
\c@nameb=\count429
\c@savednameb=\count430
\c@namec=\count431
\c@savednamec=\count432
\c@translator=\count433
\c@savedtranslator=\count434
\c@shortauthor=\count435
\c@savedshortauthor=\count436
\c@shorteditor=\count437
\c@savedshorteditor=\count438
\c@labelname=\count439
\c@savedlabelname=\count440
\c@institution=\count441
\c@savedinstitution=\count442
\c@lista=\count443
\c@savedlista=\count444
\c@listb=\count445
\c@savedlistb=\count446
\c@listc=\count447
\c@savedlistc=\count448
\c@listd=\count449
\c@savedlistd=\count450
\c@liste=\count451
\c@savedliste=\count452
\c@listf=\count453
\c@savedlistf=\count454
\c@location=\count455
\c@savedlocation=\count456
\c@organization=\count457
\c@savedorganization=\count458
\c@origlocation=\count459
\c@savedoriglocation=\count460
\c@origpublisher=\count461
\c@savedorigpublisher=\count462
\c@publisher=\count463
\c@savedpublisher=\count464
\c@language=\count465
\c@savedlanguage=\count466
\c@origlanguage=\count467
\c@savedoriglanguage=\count468
\c@pageref=\count469
\c@savedpageref=\count470
\shorthandwidth=\skip89
\shortjournalwidth=\skip90
\shortserieswidth=\skip91
\shorttitlewidth=\skip92
\shortauthorwidth=\skip93
\shorteditorwidth=\skip94
\locallabelnumberwidth=\skip95
\locallabelalphawidth=\skip96
\localshorthandwidth=\skip97
\localshortjournalwidth=\skip98
\localshortserieswidth=\skip99
\localshorttitlewidth=\skip100
\localshortauthorwidth=\skip101
\localshorteditorwidth=\skip102
Package biblatex Info: Trying to load enhanced support for Unicode engines...
Package biblatex Info: ... file 'blx-unicode.def' found.
 (d:/texlive/2023/texmf-dist/tex/latex/biblatex/blx-unicode.def)
Package biblatex Info: Trying to load compatibility code...
Package biblatex Info: ... file 'blx-compat.def' found.
 (d:/texlive/2023/texmf-dist/tex/latex/biblatex/blx-compat.def
File: blx-compat.def 2023/03/05 v3.19 biblatex compatibility (PK/MW)
)
Package biblatex Info: Trying to load generic definitions...
Package biblatex Info: ... file 'biblatex.def' found.
 (d:/texlive/2023/texmf-dist/tex/latex/biblatex/biblatex.def
File: biblatex.def 2023/03/05 v3.19 biblatex compatibility (PK/MW)
\c@textcitecount=\count471
\c@textcitetotal=\count472
\c@textcitemaxnames=\count473
\c@biburlbigbreakpenalty=\count474
\c@biburlbreakpenalty=\count475
\c@biburlnumpenalty=\count476
\c@biburlucpenalty=\count477
\c@biburllcpenalty=\count478
\biburlbigskip=\muskip19
\biburlnumskip=\muskip20
\biburlucskip=\muskip21
\biburllcskip=\muskip22
\c@smartand=\count479
)
Package biblatex Info: Trying to load bibliography style 'numeric'...
Package biblatex Info: ... file 'numeric.bbx' found.
 (d:/texlive/2023/texmf-dist/tex/latex/biblatex/bbx/numeric.bbx
File: numeric.bbx 2023/03/05 v3.19 biblatex bibliography style (PK/MW)
Package biblatex Info: Trying to load bibliography style 'standard'...
Package biblatex Info: ... file 'standard.bbx' found.
 (d:/texlive/2023/texmf-dist/tex/latex/biblatex/bbx/standard.bbx
File: standard.bbx 2023/03/05 v3.19 biblatex bibliography style (PK/MW)
\c@bbx:relatedcount=\count480
\c@bbx:relatedtotal=\count481
))
Package biblatex Info: Trying to load citation style 'numeric'...
Package biblatex Info: ... file 'numeric.cbx' found.
 (d:/texlive/2023/texmf-dist/tex/latex/biblatex/cbx/numeric.cbx
File: numeric.cbx 2023/03/05 v3.19 biblatex citation style (PK/MW)
Package biblatex Info: Redefining '\cite'.
Package biblatex Info: Redefining '\parencite'.
Package biblatex Info: Redefining '\footcite'.
Package biblatex Info: Redefining '\footcitetext'.
Package biblatex Info: Redefining '\smartcite'.
Package biblatex Info: Redefining '\supercite'.
Package biblatex Info: Redefining '\textcite'.
Package biblatex Info: Redefining '\textcites'.
Package biblatex Info: Redefining '\cites'.
Package biblatex Info: Redefining '\parencites'.
Package biblatex Info: Redefining '\smartcites'.
)
Package biblatex Info: Trying to load configuration file...
Package biblatex Info: ... file 'biblatex.cfg' found.
 (d:/texlive/2023/texmf-dist/tex/latex/biblatex/biblatex.cfg
File: biblatex.cfg 
)
Package biblatex Info: XeTeX detected.
(biblatex)             Assuming input encoding 'utf8'.
Package biblatex Info: Document encoding is UTF8 ....
Package biblatex Info: ... and expl3
(biblatex)             2023-03-30 L3 programming layer (loader) 
(biblatex)             is new enough (at least 2020/04/06),
(biblatex)             setting 'casechanger=expl3'.
 (d:/texlive/2023/texmf-dist/tex/latex/biblatex/blx-case-expl3.sty
Package: blx-case-expl3 2023/03/05 v3.19 expl3 case changing code for biblatex
)) (d:/texlive/2023/texmf-dist/tex/latex/titlesec/titlesec.sty
Package: titlesec 2021/07/05 v2.14 Sectioning titles
\ttl@box=\box126
\beforetitleunit=\skip103
\aftertitleunit=\skip104
\ttl@plus=\dimen324
\ttl@minus=\dimen325
\ttl@toksa=\toks44
\titlewidth=\dimen326
\titlewidthlast=\dimen327
\titlewidthfirst=\dimen328
) (d:/texlive/2023/texmf-dist/tex/latex/minitoc/minitoc.sty
Package: minitoc 2018/07/12 v62 Package minitoc
 (d:/texlive/2023/texmf-dist/tex/latex/minitoc/mtcmess.sty
Package: mtcmess 2006/03/14
)
Package minitoc Info: I0001
(minitoc)             *** minitoc package, version 62 ***.
\tf@mtc=\write5
\mtcindent=\skip105
\mtcskipamount=\skip106
Package minitoc Info: I0005
(minitoc)             compatible with hyperref.
Package minitoc Info: I0023
(minitoc)             part level macros available.
Package minitoc Info: I0003
(minitoc)             chapter level macros available.
\mtc@toks=\toks45
\mtc@strutbox=\box127
\mtc@hstrutbox=\box128
Package minitoc Info: I0002
(minitoc)             Autoconfiguration of extensions.
\openout5 = `topos.mtc0'.

\openout5 = `topos.mtc'.

 (./topos.mtc0)
Package minitoc Info: I0012
(minitoc)             Long extensions (Unix-like) will be used.
Package minitoc Info: I0031
(minitoc)             ==> this version is configured for UNIX-like 
(minitoc)                 (long extensions) file names.
\openout5 = `topos.mtc'.

\openout5 = `topos.mtc0'.

\c@mtc=\count482
\c@minitocdepth=\count483
\c@ptc=\count484
\c@parttocdepth=\count485
\ptcindent=\skip107
Package minitoc Info: I0010
(minitoc)             The english language is selected.
(minitoc)              on input line 4910.
 (d:/texlive/2023/texmf-dist/tex/latex/minitoc/english.mld
File: english.mld 2006/01/13
) (d:/texlive/2023/texmf-dist/tex/latex/minitoc/english.mld
File: english.mld 2006/01/13
)) (d:/texlive/2023/texmf-dist/tex/latex/multirow/multirow.sty
Package: multirow 2021/03/15 v2.8 Span multiple rows of a table
\multirow@colwidth=\skip108
\multirow@cntb=\count486
\multirow@dima=\skip109
\bigstrutjot=\dimen329
)
\@quotelevel=\count487
\@quotereset=\count488
 (./topos.aux

LaTeX Warning: Label `sheaf-condition' multiply defined.

)
\openout1 = `topos.aux'.

LaTeX Font Info:    Checking defaults for OML/cmm/m/it on input line 122.
LaTeX Font Info:    ... okay on input line 122.
LaTeX Font Info:    Checking defaults for OMS/cmsy/m/n on input line 122.
LaTeX Font Info:    ... okay on input line 122.
LaTeX Font Info:    Checking defaults for OT1/cmr/m/n on input line 122.
LaTeX Font Info:    ... okay on input line 122.
LaTeX Font Info:    Checking defaults for T1/cmr/m/n on input line 122.
LaTeX Font Info:    ... okay on input line 122.
LaTeX Font Info:    Checking defaults for TS1/cmr/m/n on input line 122.
LaTeX Font Info:    ... okay on input line 122.
LaTeX Font Info:    Checking defaults for TU/lmr/m/n on input line 122.
LaTeX Font Info:    ... okay on input line 122.
LaTeX Font Info:    Checking defaults for OMX/cmex/m/n on input line 122.
LaTeX Font Info:    ... okay on input line 122.
LaTeX Font Info:    Checking defaults for U/cmr/m/n on input line 122.
LaTeX Font Info:    ... okay on input line 122.
LaTeX Font Info:    Checking defaults for PD1/pdf/m/n on input line 122.
LaTeX Font Info:    ... okay on input line 122.
LaTeX Font Info:    Checking defaults for PU/pdf/m/n on input line 122.
LaTeX Font Info:    ... okay on input line 122.

Package fontspec Info: Adjusting the maths setup (use [no-math] to avoid
(fontspec)             this).

\symlegacymaths=\mathgroup8
LaTeX Font Info:    Overwriting symbol font `legacymaths' in version `bold'
(Font)                  OT1/cmr/m/n --> OT1/cmr/bx/n on input line 122.
LaTeX Font Info:    Redeclaring math accent \acute on input line 122.
LaTeX Font Info:    Redeclaring math accent \grave on input line 122.
LaTeX Font Info:    Redeclaring math accent \ddot on input line 122.
LaTeX Font Info:    Redeclaring math accent \tilde on input line 122.
LaTeX Font Info:    Redeclaring math accent \bar on input line 122.
LaTeX Font Info:    Redeclaring math accent \breve on input line 122.
LaTeX Font Info:    Redeclaring math accent \check on input line 122.
LaTeX Font Info:    Redeclaring math accent \hat on input line 122.
LaTeX Font Info:    Redeclaring math accent \dot on input line 122.
LaTeX Font Info:    Redeclaring math accent \mathring on input line 122.
LaTeX Font Info:    Redeclaring math symbol \Gamma on input line 122.
LaTeX Font Info:    Redeclaring math symbol \Delta on input line 122.
LaTeX Font Info:    Redeclaring math symbol \Theta on input line 122.
LaTeX Font Info:    Redeclaring math symbol \Lambda on input line 122.
LaTeX Font Info:    Redeclaring math symbol \Xi on input line 122.
LaTeX Font Info:    Redeclaring math symbol \Pi on input line 122.
LaTeX Font Info:    Redeclaring math symbol \Sigma on input line 122.
LaTeX Font Info:    Redeclaring math symbol \Upsilon on input line 122.
LaTeX Font Info:    Redeclaring math symbol \Phi on input line 122.
LaTeX Font Info:    Redeclaring math symbol \Psi on input line 122.
LaTeX Font Info:    Redeclaring math symbol \Omega on input line 122.
LaTeX Font Info:    Redeclaring math symbol \mathdollar on input line 122.
LaTeX Font Info:    Redeclaring symbol font `operators' on input line 122.
LaTeX Font Info:    Encoding `OT1' has changed to `TU' for symbol font
(Font)              `operators' in the math version `normal' on input line 122.
LaTeX Font Info:    Overwriting symbol font `operators' in version `normal'
(Font)                  OT1/cmr/m/n --> TU/lmr/m/n on input line 122.
LaTeX Font Info:    Encoding `OT1' has changed to `TU' for symbol font
(Font)              `operators' in the math version `bold' on input line 122.
LaTeX Font Info:    Overwriting symbol font `operators' in version `bold'
(Font)                  OT1/cmr/bx/n --> TU/lmr/m/n on input line 122.
LaTeX Font Info:    Overwriting symbol font `operators' in version `normal'
(Font)                  TU/lmr/m/n --> TU/lmr/m/n on input line 122.
LaTeX Font Info:    Overwriting math alphabet `\mathit' in version `normal'
(Font)                  OT1/cmr/m/it --> TU/lmr/m/it on input line 122.
LaTeX Font Info:    Overwriting math alphabet `\mathbf' in version `normal'
(Font)                  OT1/cmr/bx/n --> TU/lmr/b/n on input line 122.
LaTeX Font Info:    Overwriting math alphabet `\mathsf' in version `normal'
(Font)                  OT1/cmss/m/n --> TU/lmss/m/n on input line 122.
LaTeX Font Info:    Overwriting math alphabet `\mathtt' in version `normal'
(Font)                  OT1/cmtt/m/n --> TU/lmtt/m/n on input line 122.
LaTeX Font Info:    Overwriting symbol font `operators' in version `bold'
(Font)                  TU/lmr/m/n --> TU/lmr/b/n on input line 122.
LaTeX Font Info:    Overwriting math alphabet `\mathit' in version `bold'
(Font)                  OT1/cmr/bx/it --> TU/lmr/b/it on input line 122.
LaTeX Font Info:    Overwriting math alphabet `\mathsf' in version `bold'
(Font)                  OT1/cmss/bx/n --> TU/lmss/b/n on input line 122.
LaTeX Font Info:    Overwriting math alphabet `\mathtt' in version `bold'
(Font)                  OT1/cmtt/m/n --> TU/lmtt/b/n on input line 122.
Package hyperref Info: Link coloring OFF on input line 122.
 (./topos.out) (./topos.out)
\@outlinefile=\write6
\openout6 = `topos.out'.


*geometry* driver: auto-detecting
*geometry* detected driver: xetex
*geometry* verbose mode - [ preamble ] result:
* driver: xetex
* paper: b5paper
* layout: <same size as paper>
* layoutoffset:(h,v)=(0.0pt,0.0pt)
* modes: twoside 
* h-part:(L,W,R)=(42.67912pt, 415.41025pt, 42.67912pt)
* v-part:(T,H,B)=(56.9055pt, 597.50789pt, 56.9055pt)
* \paperwidth=500.7685pt
* \paperheight=711.3189pt
* \textwidth=415.41025pt
* \textheight=597.50789pt
* \oddsidemargin=-29.59087pt
* \evensidemargin=-29.59087pt
* \topmargin=-45.43198pt
* \headheight=12.0pt
* \headsep=18.06749pt
* \topskip=10.0pt
* \footskip=25.29494pt
* \marginparwidth=125.0pt
* \marginparsep=7.0pt
* \columnsep=10.0pt
* \skip\footins=9.0pt plus 4.0pt minus 2.0pt
* \hoffset=0.0pt
* \voffset=0.0pt
* \mag=1000
* \@twocolumnfalse
* \@twosidetrue
* \@mparswitchtrue
* \@reversemarginfalse
* (1in=72.27pt=25.4mm, 1cm=28.453pt)

Package biblatex Info: Trying to load language 'english'...
Package biblatex Info: ... file 'english.lbx' found.
(d:/texlive/2023/texmf-dist/tex/latex/biblatex/lbx/english.lbx
File: english.lbx 2023/03/05 v3.19 biblatex localization (PK/MW)
)
Package biblatex Info: XeTeX detected.
(biblatex)             Assuming input encoding 'utf8'.
Package biblatex Info: Automatic encoding selection.
(biblatex)             Assuming data encoding 'utf8'.
\openout4 = `topos.bcf'.

Package biblatex Info: Trying to load bibliographic data...
Package biblatex Info: ... file 'topos.bbl' found.
 (./topos.bbl)
Package biblatex Info: Reference section=0 on input line 122.
Package biblatex Info: Reference segment=0 on input line 122.
Package minitoc(hints) Info: I0049
(minitoc(hints))             ==> You requested the hints option. 
(minitoc(hints))             Some hints are eventually given below.


Package minitoc(hints) Warning: W0099
(minitoc(hints))                --- The titlesec package is loaded. 
(minitoc(hints))                It is incompatible 
(minitoc(hints))                with the minitoc package.

Package minitoc Info: I0024
(minitoc)             PREPARING MINITOCS FROM topos.toc on input line 124.
Package minitoc Info: I0033
(minitoc)             Writing topos.mtc1.
\openout5 = `topos.mtc1'.

Package minitoc Info: I0033
(minitoc)             Writing topos.mtc2.
\openout5 = `topos.mtc2'.

Package minitoc Info: I0033
(minitoc)             Writing topos.mtc3.
\openout5 = `topos.mtc3'.

Package minitoc Info: I0033
(minitoc)             Writing topos.mtc4.
\openout5 = `topos.mtc4'.

Package minitoc Info: I0033
(minitoc)             Writing topos.mtc5.
\openout5 = `topos.mtc5'.

Package minitoc Info: I0033
(minitoc)             Writing topos.mtc6.
\openout5 = `topos.mtc6'.

Package minitoc Info: I0033
(minitoc)             Writing topos.mtc7.
\openout5 = `topos.mtc7'.

Package minitoc Info: I0033
(minitoc)             Writing topos.mtc8.
\openout5 = `topos.mtc8'.

Package minitoc Info: I0033
(minitoc)             Writing topos.mtc9.
\openout5 = `topos.mtc9'.

Package minitoc Info: I0033
(minitoc)             Writing topos.mtc10.
\openout5 = `topos.mtc10'.

Package minitoc Info: I0033
(minitoc)             Writing topos.mtc11.
\openout5 = `topos.mtc11'.

LaTeX Font Info:    Trying to load font information for U+msa on input line 126.
(d:/texlive/2023/texmf-dist/tex/latex/amsfonts/umsa.fd
File: umsa.fd 2013/01/14 v3.01 AMS symbols A
)
LaTeX Font Info:    Trying to load font information for U+msb on input line 126.
 (d:/texlive/2023/texmf-dist/tex/latex/amsfonts/umsb.fd
File: umsb.fd 2013/01/14 v3.01 AMS symbols B
)
LaTeX Font Info:    Trying to load font information for U+rsfs on input line 126.
 (d:/texlive/2023/texmf-dist/tex/latex/jknapltx/ursfs.fd
File: ursfs.fd 1998/03/24 rsfs font definition file (jk)
)
LaTeX Font Info:    Trying to load font information for U+stmry on input line 126.
 (d:/texlive/2023/texmf-dist/tex/latex/stmaryrd/Ustmry.fd) [1


]
Underfull \hbox (badness 10000) in paragraph at lines 135--135

 []


Package fontspec Info: Could not resolve font "Microsoft YaHei Bold/I" (it
(fontspec)             probably doesn't exist).


Package fontspec Info: Could not resolve font "Microsoft YaHei/I" (it probably
(fontspec)             doesn't exist).


Package fontspec Info: Font family 'MicrosoftYaHei(0)' created for font
(fontspec)             'Microsoft YaHei' with options
(fontspec)             [Script={CJK},BoldFont={* Bold}].
(fontspec)              
(fontspec)              This font family consists of the following NFSS
(fontspec)             series/shapes:
(fontspec)              
(fontspec)             - 'normal' (m/n) with NFSS spec.: <->"Microsoft
(fontspec)             YaHei/OT:script=hani;language=dflt;"
(fontspec)             - 'small caps'  (m/sc) with NFSS spec.: 
(fontspec)             - 'bold' (b/n) with NFSS spec.: <->"Microsoft YaHei
(fontspec)             Bold/OT:script=hani;language=dflt;"
(fontspec)             - 'bold small caps'  (b/sc) with NFSS spec.: 
(fontspec)             - 'bold italic' (b/it) with NFSS spec.: <->"Microsoft
(fontspec)             YaHei/BI/OT:script=hani;language=dflt;"
(fontspec)             - 'bold italic small caps'  (b/scit) with NFSS spec.: 


Underfull \hbox (badness 10000) in paragraph at lines 135--135

 []


LaTeX Font Warning: Font shape `U/rsfs/m/n' in size <10.53937> not available
(Font)              size <10.95> substituted on input line 135.


LaTeX Font Warning: Font shape `U/stmry/m/n' in size <10.53937> not available
(Font)              size <10.95> substituted on input line 135.


LaTeX Font Warning: Font shape `U/rsfs/m/n' in size <7.52812> not available
(Font)              size <8> substituted on input line 136.


LaTeX Font Warning: Font shape `U/stmry/m/n' in size <7.52812> not available
(Font)              size <8> substituted on input line 136.


Underfull \hbox (badness 10000) in paragraph at lines 138--138

 []


Underfull \hbox (badness 10000) in paragraph at lines 138--138

 []

[2] (./topos.toc [3

] [4])
\tf@toc=\write7
\openout7 = `topos.toc'.

 (./foreword.tex [5] [6

]
Chapter 0.

Underfull \hbox (badness 10000) in paragraph at lines 8--8

 []


Underfull \hbox (badness 10000) in paragraph at lines 8--8

 []

LaTeX Font Info:    Font shape `TU/lmss/m/it' in size <10.53937> not available
(Font)              Font shape `TU/lmss/m/sl' tried instead on input line 8.

Underfull \hbox (badness 10000) in paragraph at lines 8--9

 []


Overfull \hbox (2.99098pt too wide) in paragraph at lines 17--18
[]\TU/SimSun(0)/m/n/10.53937                  \TU/lmr/m/n/10.53937 . \TU/SimSun(0)/m/n/10.53937         \TU/lmr/m/n/10.53937 Alexander Grothendieck,
 []

[7] [8]) (./cat.tex [9] [10

]
Chapter 1.

Underfull \hbox (badness 10000) in paragraph at lines 7--7

 []


Underfull \hbox (badness 10000) in paragraph at lines 7--7

 []


Underfull \hbox (badness 10000) in paragraph at lines 7--8

 []

\openout5 = `topos.mtc'.

\openout5 = `topos.mtc'.

(./topos.mtc2) [11] [12] [13]

Package fontspec Info: Could not resolve font "FangSong/BI" (it probably
(fontspec)             doesn't exist).


Package fontspec Info: Could not resolve font "FangSong/B" (it probably
(fontspec)             doesn't exist).


Package fontspec Info: Could not resolve font "FangSong/I" (it probably
(fontspec)             doesn't exist).


Package fontspec Info: Font family 'FangSong(0)' created for font 'FangSong'
(fontspec)             with options [Script={CJK}].
(fontspec)              
(fontspec)              This font family consists of the following NFSS
(fontspec)             series/shapes:
(fontspec)              
(fontspec)             - 'normal' (m/n) with NFSS spec.:
(fontspec)             <->"FangSong/OT:script=hani;language=dflt;"
(fontspec)             - 'small caps'  (m/sc) with NFSS spec.: 


Underfull \vbox (badness 4556) has occurred while \output is active []

 [14]
Underfull \vbox (badness 10000) has occurred while \output is active []

 [15] [16] [17] [18] [19] [20] [21] [22] [23] [24] [25] [26] [27]
Underfull \vbox (badness 10000) has occurred while \output is active []

 [28] [29] [30] [31]
Underfull \vbox (badness 10000) has occurred while \output is active []

 [32] [33] [34] [35] [36]
Underfull \hbox (badness 10000) in paragraph at lines 1475--1476

 []

[37]

LaTeX Warning: Reference `ouvert' on page 38 undefined on input line 1520.

[38] [39] [40] [41] [42] [43] [44] [45]
Underfull \vbox (badness 1728) has occurred while \output is active []

 [46] [47] [48]

LaTeX Warning: Reference `cohesion-family-of-sets' on page 49 undefined on input line 2300.


Package amsmath Warning: Foreign command \atop;
(amsmath)                \frac or \genfrac should be used instead
(amsmath)                 on input line 2314.

[49] [50]) (./loc.tex [51] [52

]
Chapter 2.

Underfull \hbox (badness 10000) in paragraph at lines 3--3

 []


Underfull \hbox (badness 10000) in paragraph at lines 3--3

 []

\openout5 = `topos.mtc'.

\openout5 = `topos.mtc'.

(./topos.mtc3) [53] [54] [55]
Underfull \hbox (badness 1831) in paragraph at lines 153--155
[]\TU/SimSun(0)/m/n/10.53937   \TU/lmr/m/it/10.53937 Sierpiski \TU/SimSun(0)/m/it/10.53937   $\OML/cmm/m/it/10.53937 S$ \TU/SimSun(0)/m/n/10.53937   $\OMS/cmsy/m/n/10.53937 f>\OML/cmm/m/it/10.53937 ; \OMS/cmsy/m/n/10.53937 ?g$ \TU/SimSun(0)/m/n/10.53937          \TU/lmr/m/n/10.53937 , \TU/SimSun(0)/m/n/10.53937     
 []

[56] [57]

LaTeX Font Warning: Command \small invalid in math mode on input line 228.

[58] [59] [60] [61] [62]
Overfull \hbox (10.89003pt too wide) detected at line 498
[][]
 []

LaTeX Font Info:    Trying to load font information for U+euf on input line 499.
(d:/texlive/2023/texmf-dist/tex/latex/amsfonts/ueuf.fd
File: ueuf.fd 2013/01/14 v3.01 Euler Fraktur
) [63] [64] [65] [66] [67] [68] [69] [70]
Underfull \hbox (badness 10000) in paragraph at lines 1013--1013

 []


Underfull \hbox (badness 10000) in paragraph at lines 1013--1013

 []


Underfull \hbox (badness 10000) in paragraph at lines 1013--1014

 []

[71] [72] [73]
Underfull \vbox (badness 8019) has occurred while \output is active []

 [74] [75] [76]
Underfull \hbox (badness 2042) in paragraph at lines 1303--1306
\TU/SimSun(0)/m/n/10.53937             \TU/lmr/m/n/10.53937 , \TU/SimSun(0)/m/n/10.53937     $\OML/cmm/m/it/10.53937 S \OMS/cmsy/m/n/10.53937 ^^B \OML/cmm/m/it/10.53937 S$\TU/lmr/m/n/10.53937 . $\OML/cmm/m/it/10.53937 S \OMS/cmsy/m/n/10.53937 ^^B \OML/cmm/m/it/10.53937 S$ \TU/SimSun(0)/m/n/10.53937    
 []

[77] [78]) (./Gro.tex [79] [80

]
Chapter 3.

Underfull \hbox (badness 10000) in paragraph at lines 13--13

 []


Underfull \hbox (badness 10000) in paragraph at lines 13--13

 []


Underfull \hbox (badness 10000) in paragraph at lines 13--13

 []

\openout5 = `topos.mtc'.

\openout5 = `topos.mtc'.

(./topos.mtc4
Overfull \hbox (2.0416pt too wide) detected at line 5
 []\TU/lmr/bx/n/9.03374 101
 []

[81]
Overfull \hbox (2.0416pt too wide) detected at line 10
 []\TU/lmr/bx/n/9.03374 108
 []


Overfull \hbox (2.0416pt too wide) detected at line 14
 []\TU/lmr/bx/n/9.03374 117
 []


Overfull \hbox (2.0416pt too wide) detected at line 15
 []\TU/lmr/bx/n/9.03374 121
 []


Overfull \hbox (2.0416pt too wide) detected at line 21
 []\TU/lmr/bx/n/9.03374 128
 []


Overfull \hbox (2.0416pt too wide) detected at line 28
 []\TU/lmr/bx/n/9.03374 134
 []


Overfull \hbox (2.0416pt too wide) detected at line 34
 []\TU/lmr/bx/n/9.03374 146
 []


Overfull \hbox (2.0416pt too wide) detected at line 40
 []\TU/lmr/bx/n/9.03374 152
 []


Overfull \hbox (2.0416pt too wide) detected at line 46
 []\TU/lmr/bx/n/9.03374 155
 []


Overfull \hbox (2.0416pt too wide) detected at line 50
 []\TU/lmr/bx/n/9.03374 157
 []

) [82]
Underfull \hbox (badness 10000) in paragraph at lines 39--39

 []


Underfull \hbox (badness 10000) in paragraph at lines 39--39

 []


Underfull \hbox (badness 10000) in paragraph at lines 39--40

 []

[83] [84] [85]
Overfull \hbox (11.47464pt too wide) in paragraph at lines 183--190
[]\TU/SimSun(0)/m/n/10.53937     \TU/lmr/m/n/10.53937 . \TU/SimSun(0)/m/n/10.53937        $\OML/cmm/m/it/10.53937 p [] [] Y \OMS/cmsy/m/n/10.53937 ! \OML/cmm/m/it/10.53937 X$ \TU/SimSun(0)/m/n/10.53937    $\OML/cmm/m/it/10.53937 s \OMS/cmsy/m/n/10.53937 2 \OT1/cmr/m/n/10.53937 ^^@[](\OML/cmm/m/it/10.53937 U\OT1/cmr/m/n/10.53937 )$\TU/lmr/m/n/10.53937 , \TU/SimSun(0)/m/n/10.53937  $\OML/cmm/m/it/10.53937 ^^Q$ \TU/SimSun(0)/m/n/10.53937     $\OT1/cmr/m/n/10.53937 (\OML/cmm/m/it/10.53937 ^^Q\OT1/cmr/m/n/10.53937 ^^@)[](\OML/cmm/m/it/10.53937 U\OT1/cmr/m/n/10.53937 )(\OML/cmm/m/it/10.53937 s\OT1/cmr/m/n/10.53937 ) =
 []


Package fontspec Info: Could not resolve font "IPAexMincho/BI" (it probably
(fontspec)             doesn't exist).


Package fontspec Info: Could not resolve font "IPAexMincho/B" (it probably
(fontspec)             doesn't exist).


Package fontspec Info: Could not resolve font "IPAexMincho/I" (it probably
(fontspec)             doesn't exist).


Package fontspec Info: Font family 'IPAexMincho(0)' created for font
(fontspec)             'IPAexMincho' with options [Script={CJK}].
(fontspec)              
(fontspec)              This font family consists of the following NFSS
(fontspec)             series/shapes:
(fontspec)              
(fontspec)             - 'normal' (m/n) with NFSS spec.:
(fontspec)             <->"IPAexMincho/OT:script=hani;language=dflt;"
(fontspec)             - 'small caps'  (m/sc) with NFSS spec.: 

[86] [87] [88] [89] [90] [91]
Underfull \vbox (badness 1436) has occurred while \output is active []

 [92]
Underfull \vbox (badness 10000) has occurred while \output is active []

 [93] [94] [95] [96] [97] [98] [99] [100] [101]
Underfull \hbox (badness 1033) in paragraph at lines 1083--1087
[]\TU/SimSun(0)/m/n/10.53937    $\OT1/cmr/m/n/10.53937 ^^A$ \TU/SimSun(0)/m/n/10.53937       $\OT1/cmr/m/n/10.53937 [0]\OML/cmm/m/it/10.53937 ; \OT1/cmr/m/n/10.53937 [1]\OML/cmm/m/it/10.53937 ; \OT1/cmr/m/n/10.53937 [2]\OML/cmm/m/it/10.53937 ; [] $ \TU/SimSun(0)/m/n/10.53937          \TU/lmr/m/n/10.53937 , \TU/SimSun(0)/m/n/10.53937   $\OT1/cmr/m/n/10.53937 [\OML/cmm/m/it/10.53937 n\OT1/cmr/m/n/10.53937 ] =
 []

[102] [103] [104] (./figure-sieve.tex)
Underfull \vbox (badness 1910) has occurred while \output is active []

 [105] [106] [107]
Underfull \hbox (badness 10000) in paragraph at lines 1462--1462

 []


Underfull \hbox (badness 1237) in paragraph at lines 1462--1462
[] \TU/lmss/m/n/10.53937 Attempting to define a Weil cohomology with the for-
 []


Underfull \hbox (badness 2181) in paragraph at lines 1462--1462
\TU/lmss/m/n/10.53937 mal properties necessary to establish the Weil conjectures,
 []


Underfull \hbox (badness 10000) in paragraph at lines 1462--1462

 []


Underfull \hbox (badness 10000) in paragraph at lines 1462--1463

 []

[108] [109]
Overfull \hbox (14.84541pt too wide) in paragraph at lines 1539--1540
[]\TU/lmr/m/n/10.53937 \TU/SimSun(0)/m/n/10.53937    \TU/lmr/m/n/10.53937  \TU/SimSun(0)/m/n/10.53937   \TU/lmr/m/it/10.53937 Grothendieck \TU/SimSun(0)/m/it/10.53937   \TU/SimSun(0)/m/n/10.53937                 \TU/lmr/m/n/10.53937 . Grothendieck
 []

[110] [111]
Underfull \hbox (badness 2884) in paragraph at lines 1675--1676
[]\TU/SimSun(0)/m/n/10.53937    \TU/lmr/m/n/10.53937 , \TU/SimSun(0)/m/n/10.53937         \TU/lmr/m/n/10.53937 , \TU/SimSun(0)/m/n/10.53937        []\TU/lmr/m/n/10.53937 3.4.12[] \TU/SimSun(0)/m/n/10.53937       
 []

[112] [113] [114]
Underfull \vbox (badness 4205) has occurred while \output is active []

 [115] [116]

LaTeX Font Warning: Font shape `U/rsfs/m/n' in size <15.05624> not available
(Font)              size <14.4> substituted on input line 1894.


LaTeX Font Warning: Font shape `U/stmry/m/n' in size <15.05624> not available
(Font)              size <14.4> substituted on input line 1894.


Package hyperref Warning: Token not allowed in a PDF string (Unicode):
(hyperref)                removing `math shift' on input line 1894.


Package hyperref Warning: Token not allowed in a PDF string (Unicode):
(hyperref)                removing `math shift' on input line 1894.

[117] [118] [119] [120] [121] [122] [123] [124] [125] [126] [127]
Underfull \vbox (badness 1701) has occurred while \output is active []

 [128] [129] [130] [131]
Overfull \hbox (17.02548pt too wide) in paragraph at lines 2828--2836
[]\TU/SimSun(0)/m/n/10.53937            $[]$     \TU/lmr/m/n/10.53937 LawvereTierney \TU/SimSun(0)/m/n/10.53937       $\OMS/cmsy/m/n/10.53937 C$ \TU/SimSun(0)/m/n/10.53937   \TU/lmr/m/n/10.53937 Grothendieck
 []

[132] [133] [134] [135] [136] [137] [138] [139] [140] [141] [142] [143]
Underfull \vbox (badness 10000) has occurred while \output is active []

 [144]
Underfull \vbox (badness 10000) has occurred while \output is active []

 [145]
Underfull \vbox (badness 10000) has occurred while \output is active []

 [146] [147] [148] [149] [150]
Overfull \hbox (3.51216pt too wide) in paragraph at lines 4042--4046
[]\TU/SimSun(0)/m/n/10.53937  $\OML/cmm/m/it/10.53937 F$ \TU/SimSun(0)/m/n/10.53937  $\OMS/cmsy/m/n/10.53937 D$ \TU/SimSun(0)/m/n/10.53937   $\OML/cmm/m/it/10.53937 J[][]$\TU/lmr/m/n/10.53937 -\TU/SimSun(0)/m/n/10.53937 \TU/lmr/m/n/10.53937 , \TU/SimSun(0)/m/n/10.53937   $\OML/cmm/m/it/10.53937 i[]F$ \TU/SimSun(0)/m/n/10.53937     $\OML/cmm/m/it/10.53937 F$\TU/lmr/m/n/10.53937 : \TU/SimSun(0)/m/n/10.53937  $\OMS/cmsy/m/n/10.53937 D$ \TU/SimSun(0)/m/n/10.53937    $\OML/cmm/m/it/10.53937 d$\TU/lmr/m/n/10.53937 , $\OML/cmm/m/it/10.53937 i[]F\OT1/cmr/m/n/10.53937 (\OML/cmm/m/it/10.53937 d\OT1/cmr/m/n/10.53937 ) = [][] \OML/cmm/m/it/10.53937 F\OT1/cmr/m/n/10.53937 (\OML/cmm/m/it/10.53937 d[]\OT1/cmr/m/n/10.53937 ) =
 []

[151] [152]
Underfull \vbox (badness 3514) has occurred while \output is active []

 [153]

LaTeX Warning: Reference `cohesion-basics' on page 154 undefined on input line 4263.


Underfull \vbox (badness 1845) has occurred while \output is active []

 [154] [155]
Overfull \hbox (18.22812pt too wide) in paragraph at lines 4392--4404
[] []\TU/SimSun(0)/b/n/10.53937   \TU/lmr/bx/n/10.53937 , \TU/SimSun(0)/b/n/10.53937      [] \TU/SimSun(0)/m/n/10.53937     $\OML/cmm/m/it/10.53937 y [] [] \OMS/cmsy/m/n/10.53937 C ! []$ \TU/SimSun(0)/m/n/10.53937     $[]\OT1/cmr/m/n/10.53937 (\OMS/cmsy/m/n/10.53937 D\OML/cmm/m/it/10.53937 ; J\OT1/cmr/m/n/10.53937 )$ \TU/SimSun(0)/m/n/10.53937 \TU/lmr/m/n/10.53937 , \TU/SimSun(0)/m/n/10.53937    $\OML/cmm/m/it/10.53937 c \OMS/cmsy/m/n/10.53937 2 C$\TU/lmr/m/n/10.53937 , $[]\OT1/cmr/m/n/10.53937 (\OMS/cmsy/m/n/10.53937 ^^@\OML/cmm/m/it/10.53937 ; c\OT1/cmr/m/n/10.53937 )\OMS/cmsy/m/n/10.53937 j[]$
 []

[156] [157]
Underfull \vbox (badness 10000) has occurred while \output is active []

 [158]) (./lan.tex [159] [160

]
Chapter 4.

Underfull \hbox (badness 10000) in paragraph at lines 7--7

 []


Underfull \hbox (badness 10000) in paragraph at lines 7--7

 []

\openout5 = `topos.mtc'.

\openout5 = `topos.mtc'.

(./topos.mtc5
Overfull \hbox (2.0416pt too wide) detected at line 1
 []\TU/lmr/bx/n/9.03374 162
 []


Overfull \hbox (2.0416pt too wide) detected at line 3
 []\TU/lmr/bx/n/9.03374 168
 []


Overfull \hbox (2.0416pt too wide) detected at line 5
 []\TU/lmr/bx/n/9.03374 172
 []


Overfull \hbox (2.0416pt too wide) detected at line 6
 []\TU/lmr/bx/n/9.03374 176
 []

)
Underfull \vbox (badness 1097) has occurred while \output is active []

 [161] [162]
Underfull \vbox (badness 2799) has occurred while \output is active []

 [163] [164] [165] [166]
Underfull \vbox (badness 10000) has occurred while \output is active []

 [167] [168] [169] [170] [171]
Underfull \vbox (badness 3098) has occurred while \output is active []

 [172] [173] [174] [175]) (./cla.tex [176]
Chapter 5.
\openout5 = `topos.mtc'.

\openout5 = `topos.mtc'.

(./topos.mtc6
Overfull \hbox (2.0416pt too wide) detected at line 1
 []\TU/lmr/bx/n/9.03374 177
 []


Overfull \hbox (2.0416pt too wide) detected at line 5
 []\TU/lmr/bx/n/9.03374 183
 []

)
Underfull \hbox (badness 10000) in paragraph at lines 14--14

 []


Underfull \hbox (badness 10000) in paragraph at lines 14--14

 []


Underfull \hbox (badness 10000) in paragraph at lines 14--15

 []


Underfull \hbox (badness 10000) in paragraph at lines 16--16

 []

[177

]
Underfull \hbox (badness 10000) in paragraph at lines 16--16

 []


Underfull \hbox (badness 10000) in paragraph at lines 16--17

 []

[178] [179]
Underfull \vbox (badness 1048) has occurred while \output is active []

 [180]
Underfull \vbox (badness 10000) has occurred while \output is active []

 [181] [182]
Underfull \hbox (badness 10000) in paragraph at lines 260--260

 []


Underfull \hbox (badness 10000) in paragraph at lines 260--260

 []


Underfull \hbox (badness 10000) in paragraph at lines 260--261

 []


Underfull \hbox (badness 10000) in paragraph at lines 270--271

 []

[183]
Underfull \vbox (badness 1721) has occurred while \output is active []

 [184] [185] [186] [187] [188]) (./app.tex [189] [190

]
Chapter 6.
(./NSA.tex) (./eff.tex [191] [192] [193]) (./SDG.tex [194] [195] [196] [197] [198] [199]
Underfull \hbox (badness 3209) in paragraph at lines 352--354
[]\TU/SimSun(0)/m/n/10.53937         $\U/msb/m/n/10.53937 R$\TU/lmr/m/n/10.53937 -\TU/SimSun(0)/m/n/10.53937     $\U/msb/m/n/10.53937 R[][]$\TU/lmr/m/n/10.53937 . \TU/SimSun(0)/m/n/10.53937  \TU/lmr/m/n/10.53937 , \TU/SimSun(0)/m/n/10.53937     $\U/msb/m/n/10.53937 R$\TU/lmr/m/n/10.53937 -\TU/SimSun(0)/m/n/10.53937     
 []

[200] [201]
Underfull \vbox (badness 1043) has occurred while \output is active []

 [202]
Underfull \vbox (badness 1067) has occurred while \output is active []

 [203]) (./Bohr.tex
Underfull \hbox (badness 10000) in paragraph at lines 3--3

 []


Underfull \hbox (badness 10000) in paragraph at lines 3--3

 []


Underfull \hbox (badness 10000) in paragraph at lines 3--4

 []

[204] [205]
Underfull \hbox (badness 1960) in paragraph at lines 74--75
[]\TU/SimSun(0)/m/n/10.53937   \TU/SimSun(0)/m/it/10.53937       \TU/lmr/m/n/10.53937 (classical mechanical system) \TU/SimSun(0)/m/n/10.53937    \TU/lmr/m/n/10.53937 Poisson \TU/SimSun(0)/m/n/10.53937  
 []


Underfull \vbox (badness 6125) has occurred while \output is active []

 [206] [207]
Underfull \hbox (badness 1014) in paragraph at lines 168--170
[]\TU/SimSun(0)/m/n/10.53937         $\OMS/cmsy/m/n/10.53937 A$\TU/lmr/m/n/10.53937 , \TU/SimSun(0)/m/n/10.53937    \TU/lmr/m/it/10.53937 Bohr \TU/SimSun(0)/m/it/10.53937  \TU/SimSun(0)/m/n/10.53937      $[] \OMS/cmsy/m/n/10.53937 C\OT1/cmr/m/n/10.53937 (\OMS/cmsy/m/n/10.53937 A\OT1/cmr/m/n/10.53937 )$\TU/lmr/m/n/10.53937 , \TU/lmr/m/it/10.53937 Bohr \TU/SimSun(0)/m/it/10.53937   \TU/SimSun(0)/m/n/10.53937 
 []

[208]) (./Cohen.tex [209] [210] [211]
Overfull \hbox (11.50008pt too wide) in paragraph at lines 147--148
[]\TU/SimSun(0)/m/n/10.53937  \TU/lmr/m/n/10.53937 , \TU/SimSun(0)/m/n/10.53937   \TU/lmr/m/n/10.53937 Grothendieck \TU/SimSun(0)/m/n/10.53937   $\OMS/cmsy/m/n/10.53937 E$ \TU/lmr/m/n/10.53937 (\TU/SimSun(0)/m/n/10.53937        \TU/lmr/m/n/10.53937 \TU/SimSun(0)/m/n/10.53937    \TU/lmr/m/n/10.53937 ), \TU/SimSun(0)/m/n/10.53937        $\OT1/cmr/m/n/10.53937 ^^A [] [] [] \OMS/cmsy/m/n/10.53937 !
 []

[212] [213] [214]) (./condensed.tex [215])) (./cat-appendix.tex [216]
 A.
\openout5 = `topos.mtc'.

\openout5 = `topos.mtc'.

(./topos.mtc8
Overfull \hbox (2.0416pt too wide) detected at line 1
 []\TU/lmr/bx/n/9.03374 218
 []


Overfull \hbox (2.0416pt too wide) detected at line 4
 []\TU/lmr/bx/n/9.03374 224
 []


Overfull \hbox (2.0416pt too wide) detected at line 9
 []\TU/lmr/bx/n/9.03374 232
 []


Overfull \hbox (2.0416pt too wide) detected at line 12
 []\TU/lmr/bx/n/9.03374 243
 []


Overfull \hbox (2.0416pt too wide) detected at line 17
 []\TU/lmr/bx/n/9.03374 248
 []


Overfull \hbox (2.0416pt too wide) detected at line 19
 []\TU/lmr/bx/n/9.03374 254
 []


Overfull \hbox (2.0416pt too wide) detected at line 24
 []\TU/lmr/bx/n/9.03374 262
 []


Overfull \hbox (2.0416pt too wide) detected at line 25
 []\TU/lmr/bx/n/9.03374 265
 []


Overfull \hbox (2.0416pt too wide) detected at line 26
 []\TU/lmr/bx/n/9.03374 272
 []

[217

]
Overfull \hbox (0.95755pt too wide) detected at line 31
\TU/lmr/bx/n/9.03374 A.10 
 []


Overfull \hbox (2.0416pt too wide) detected at line 31
 []\TU/lmr/bx/n/9.03374 282
 []


Overfull \hbox (0.95755pt too wide) detected at line 33
\TU/lmr/bx/n/9.03374 A.11 
 []


Overfull \hbox (2.0416pt too wide) detected at line 33
 []\TU/lmr/bx/n/9.03374 289
 []

)

Package hyperref Warning: Token not allowed in a PDF string (Unicode):
(hyperref)                removing `math shift' on input line 7.


Package hyperref Warning: Token not allowed in a PDF string (Unicode):
(hyperref)                removing `math shift' on input line 7.

[218] [219] [220]
Underfull \vbox (badness 10000) has occurred while \output is active []

 [221]
Underfull \hbox (badness 10000) in paragraph at lines 372--373
[]\TU/SimSun(0)/m/n/10.53937  $\OMS/cmsy/m/n/10.53937 C$ \TU/SimSun(0)/m/n/10.53937       $\OML/cmm/m/it/10.53937 A; B$\TU/lmr/m/n/10.53937 , \TU/SimSun(0)/m/n/10.53937      $\OML/cmm/m/it/10.53937 F[] [] []  [][]\OT1/cmr/m/n/10.53937 (\OML/cmm/m/it/10.53937 A; B\OT1/cmr/m/n/10.53937 ) \OMS/cmsy/m/n/10.53937 !
 []

[222]
Underfull \vbox (badness 10000) has occurred while \output is active []

 [223] [224] [225]
Underfull \hbox (badness 1259) in paragraph at lines 733--747
[]$[]\OT1/cmr/m/n/10.53937 (\OML/cmm/m/it/10.53937 C; C\OT1/cmr/m/n/10.53937 ) = []$\TU/lmr/m/n/10.53937 . \TU/SimSun(0)/m/n/10.53937  $\OT1/cmr/m/n/10.53937 ^^A[]$ \TU/SimSun(0)/m/n/10.53937      
 []


Underfull \vbox (badness 10000) has occurred while \output is active []

 [226] [227] [228]
Underfull \vbox (badness 3039) has occurred while \output is active []

 [229] [230] [231] [232]
Underfull \vbox (badness 4181) has occurred while \output is active []

 [233] [234] [235]

LaTeX Warning: Reference `reflective-counit-isomorphism' on page 236 undefined on input line 1449.

[236] [237] [238]
Underfull \vbox (badness 2990) has occurred while \output is active []

 [239] [240]
Underfull \vbox (badness 10000) has occurred while \output is active []

 [241] [242] [243] [244] [245] [246] [247] [248] [249] [250] [251]
Underfull \vbox (badness 10000) has occurred while \output is active []

 [252] [253] [254]
Overfull \hbox (18.68549pt too wide) in paragraph at lines 2655--2663
\TU/SimSun(0)/m/n/10.53937       $\OML/cmm/m/it/10.53937 j \OMS/cmsy/m/n/10.53937 2 \OML/cmm/m/it/10.53937 J$\TU/lmr/m/n/10.53937 , $[][] \OML/cmm/m/it/10.53937 X[]$ \TU/SimSun(0)/m/n/10.53937       $\OML/cmm/m/it/10.53937 J$ \TU/SimSun(0)/m/n/10.53937    $\OML/cmm/m/it/10.53937 f$ \TU/SimSun(0)/m/n/10.53937   $\OML/cmm/m/it/10.53937 j$ \TU/SimSun(0)/m/n/10.53937      \TU/lmr/m/n/10.53937 , \TU/SimSun(0)/m/n/10.53937  $[][] [][] \OML/cmm/m/it/10.53937 X[]$
 []

[255] [256] [257] [258] [259] [260]
Underfull \vbox (badness 1173) has occurred while \output is active []

 [261] [262] [263] [264]
Underfull \vbox (badness 10000) has occurred while \output is active []

 [265] [266] [267]
Underfull \vbox (badness 10000) has occurred while \output is active []

 [268] [269] [270] [271]
Underfull \vbox (badness 10000) has occurred while \output is active []

 [272] [273] [274] [275]
Underfull \vbox (badness 10000) has occurred while \output is active []

 [276]
Underfull \vbox (badness 10000) has occurred while \output is active []

 [277] [278] [279]
Underfull \hbox (badness 4713) in paragraph at lines 4137--4138
[]$\OML/cmm/m/it/10.53937 f [] [] \U/msb/m/n/10.53937 T[] \OMS/cmsy/m/n/10.53937 ! []$\TU/lmr/m/n/10.53937 , \TU/SimSun(0)/m/n/10.53937   $\OML/cmm/m/it/10.53937 f[]$ \TU/SimSun(0)/m/n/10.53937       \TU/lmr/m/n/10.53937 , \TU/SimSun(0)/m/n/10.53937      \TU/lmr/m/n/10.53937 , \TU/SimSun(0)/m/n/10.53937 
 []

[280] [281]
Underfull \vbox (badness 10000) has occurred while \output is active []

 [282]
Underfull \hbox (badness 1117) in paragraph at lines 4236--4239
[]\TU/SimSun(0)/m/n/10.53937      \TU/SimSun(0)/m/it/10.53937    \TU/lmr/m/n/10.53937 (signature) $\OT1/cmr/m/n/10.53937 ^^F$ \TU/SimSun(0)/m/n/10.53937     \TU/SimSun(0)/m/it/10.53937   $\OML/cmm/m/it/10.53937 A; B; [] $ \TU/SimSun(0)/m/n/10.53937     \TU/SimSun(0)/m/it/10.53937    
 []


Underfull \vbox (badness 4441) has occurred while \output is active []

 [283]
Underfull \hbox (badness 10000) in paragraph at lines 4295--4296
[]\TU/SimSun(0)/m/n/10.53937   $\OT1/cmr/m/n/10.53937 (\OML/cmm/m/it/10.53937 f; '\OT1/cmr/m/n/10.53937 ) [] [] (\OML/cmm/m/it/10.53937 i; A\OT1/cmr/m/n/10.53937 ) \OMS/cmsy/m/n/10.53937 ! \OT1/cmr/m/n/10.53937 (\OML/cmm/m/it/10.53937 j; B\OT1/cmr/m/n/10.53937 )$\TU/lmr/m/n/10.53937 ,
 []


Overfull \hbox (20.60011pt too wide) in paragraph at lines 4357--4358
 [] 
 []


Underfull \vbox (badness 10000) has occurred while \output is active []

 [284]
Underfull \vbox (badness 4316) has occurred while \output is active []

 [285]
Underfull \vbox (badness 1189) has occurred while \output is active []

 [286] [287] [288] [289] [290]
Underfull \vbox (badness 10000) has occurred while \output is active []

 [291]) (./logic-appendix.tex [292]
 B.
\openout5 = `topos.mtc'.

\openout5 = `topos.mtc'.

(./topos.mtc9
Overfull \hbox (2.0416pt too wide) detected at line 1
 []\TU/lmr/bx/n/9.03374 293
 []


Overfull \hbox (2.0416pt too wide) detected at line 6
 []\TU/lmr/bx/n/9.03374 306
 []


Overfull \hbox (2.0416pt too wide) detected at line 11
 []\TU/lmr/bx/n/9.03374 313
 []


Overfull \hbox (2.0416pt too wide) detected at line 13
 []\TU/lmr/bx/n/9.03374 316
 []


Overfull \hbox (2.0416pt too wide) detected at line 16
 []\TU/lmr/bx/n/9.03374 320
 []

)
Underfull \hbox (badness 10000) in paragraph at lines 8--8

 []


Underfull \hbox (badness 10000) in paragraph at lines 8--8

 []


Underfull \hbox (badness 10000) in paragraph at lines 8--9

 []

[293

] [294]
Underfull \hbox (badness 1412) in paragraph at lines 94--96
[]\TU/SimSun(0)/m/n/10.53937   \TU/SimSun(0)/m/it/10.53937     \TU/lmr/m/n/10.53937 (function symbols), \TU/SimSun(0)/m/n/10.53937        $\OML/cmm/m/it/10.53937 f$ \TU/SimSun(0)/m/n/10.53937       
 []

[295] [296] [297]
Underfull \hbox (badness 1715) in paragraph at lines 196--197
[]\TU/SimSun(0)/m/n/10.53937  \TU/SimSun(0)/m/it/10.53937   \TU/SimSun(0)/m/n/10.53937   \TU/lmr/m/n/10.53937 , \TU/SimSun(0)/m/n/10.53937            \TU/lmr/m/n/10.53937 ; \TU/SimSun(0)/m/n/10.53937            \TU/SimSun(0)/m/it/10.53937  \TU/lmr/m/n/10.53937 :
 []


Underfull \vbox (badness 10000) has occurred while \output is active []

 [298] [299] [300] [301]
Underfull \vbox (badness 10000) has occurred while \output is active []

 [302]
Underfull \vbox (badness 1454) has occurred while \output is active []

 [303]
Underfull \vbox (badness 2762) has occurred while \output is active []

 [304] [305] [306]
Underfull \hbox (badness 1490) in paragraph at lines 665--668
[]\TU/SimSun(0)/m/n/10.53937       \TU/lmr/m/n/10.53937 ([]B.2.4[]) \TU/SimSun(0)/m/n/10.53937          $[] \OT1/cmr/m/n/10.53937 = [] \OMS/cmsy/m/n/10.53937 ^^Z []$ \TU/SimSun(0)/m/n/10.53937   \TU/lmr/m/n/10.53937 . \TU/SimSun(0)/m/n/10.53937  
 []

[307] [308]
Underfull \hbox (badness 3049) in paragraph at lines 753--759
[]\TU/SimSun(0)/m/n/10.53937  $[]\OML/cmm/m/it/10.53937 :^^^$ \TU/SimSun(0)/m/n/10.53937     $\OT1/cmr/m/n/10.53937 ^^F$ \TU/SimSun(0)/m/n/10.53937       \TU/lmr/m/n/10.53937 , \TU/SimSun(0)/m/n/10.53937    $\OMS/cmsy/m/n/10.53937 C$ \TU/SimSun(0)/m/n/10.53937    \TU/lmr/m/n/10.53937 , \TU/SimSun(0)/m/n/10.53937   $[] \OT1/cmr/m/n/10.53937 =
 []


Underfull \hbox (badness 6047) in paragraph at lines 753--759
\OT1/cmr/m/n/10.53937 (\OML/cmm/m/it/10.53937 y[]; []  ; y[]\OT1/cmr/m/n/10.53937 )\OML/cmm/m/it/10.53937 ; y[] [] [] B[]$\TU/lmr/m/n/10.53937 . \TU/SimSun(0)/m/n/10.53937  $[] \OT1/cmr/m/n/10.53937 = (\OML/cmm/m/it/10.53937 s[]; []  ; s[]\OT1/cmr/m/n/10.53937 )\OML/cmm/m/it/10.53937 ; s[] [] [] B[]$ \TU/SimSun(0)/m/n/10.53937     \TU/lmr/m/n/10.53937 , $[] \OT1/cmr/m/n/10.53937 =
 []


Underfull \vbox (badness 10000) has occurred while \output is active []

 [309] [310]
Underfull \vbox (badness 2088) has occurred while \output is active []

 [311]
Underfull \vbox (badness 6691) has occurred while \output is active []

 [312] [313]
Overfull \hbox (0.71318pt too wide) in paragraph at lines 983--984
[]\TU/SimSun(0)/m/n/10.53937   $\OT1/cmr/m/n/10.53937 ^^F$ \TU/SimSun(0)/m/n/10.53937       $\OML/cmm/m/it/10.53937 f [] [] A \OMS/cmsy/m/n/10.53937 ! \OML/cmm/m/it/10.53937 B$\TU/lmr/m/n/10.53937 , \TU/SimSun(0)/m/n/10.53937    $\OML/cmm/m/it/10.53937 A$ \TU/SimSun(0)/m/n/10.53937    $\OML/cmm/m/it/10.53937 x$\TU/lmr/m/n/10.53937 , \TU/SimSun(0)/m/n/10.53937         $\OML/cmm/m/it/10.53937 ^^Ux:f\OT1/cmr/m/n/10.53937 (\OML/cmm/m/it/10.53937 x\OT1/cmr/m/n/10.53937 ) [] [] [\OML/cmm/m/it/10.53937 A \OMS/cmsy/m/n/10.53937 !
 []


Underfull \vbox (badness 1478) has occurred while \output is active []

 [314] [315]
Underfull \hbox (badness 10000) in paragraph at lines 1056--1056

 []


Underfull \hbox (badness 10000) in paragraph at lines 1056--1056

 []


Underfull \hbox (badness 10000) in paragraph at lines 1056--1057

 []


Underfull \hbox (badness 10000) in paragraph at lines 1058--1058

 []


Underfull \hbox (badness 10000) in paragraph at lines 1058--1058

 []


Underfull \vbox (badness 3058) has occurred while \output is active []

 [316]
Underfull \hbox (badness 10000) in paragraph at lines 1058--1059

 []

[317]
Underfull \hbox (badness 2809) in paragraph at lines 1114--1115
[]\TU/SimSun(0)/m/n/10.53937         $\OML/cmm/m/it/10.53937 f$ \TU/SimSun(0)/m/n/10.53937         $\OML/cmm/m/it/10.53937 a[]; []  ; a[]$\TU/lmr/m/n/10.53937 , \TU/SimSun(0)/m/n/10.53937       
 []

[318] [319] [320]) (./glossaries.tex [321] [322

]) [323] [324

] [325] [326]
Package minitoc Info: I0009
(minitoc)             Listing minitoc auxiliary files. 
(minitoc)             Creating the topos.maf file.
\openout5 = `topos.maf'.



Package minitoc(hints) Warning: W0024
(minitoc(hints))                Some hints have been written 
(minitoc(hints))                in the topos.log file.

[327] (./topos.aux)

LaTeX Font Warning: Size substitutions with differences
(Font)              up to 0.65625pt have occurred.


LaTeX Warning: There were undefined references.


LaTeX Warning: There were multiply-defined labels.

Package rerunfilecheck Info: File `topos.out' has not changed.
(rerunfilecheck)             Checksum: F45AFFCAEABB555930AC2F63223D98CF;6507.
Package logreq Info: Writing requests to 'topos.run.xml'.
\openout1 = `topos.run.xml'.

 ) 
Here is how much of TeX's memory you used:
 55147 strings out of 476675
 1231952 string characters out of 5807327
 1893290 words of memory out of 5000000
 74402 multiletter control sequences out of 15000+600000
 533197 words of font info for 199 fonts, out of 8000000 for 9000
 1348 hyphenation exceptions out of 8191
 100i,22n,104p,1317b,4870s stack positions out of 10000i,1000n,20000p,200000b,200000s

Output written on topos.pdf (327 pages).
